<?xml version='1.0' encoding='UTF-8' ?>
<testsuite name="org.mozilla.focus.activity.AccessAboutAndYourRightsPagesTest" tests="46" failures="18" errors="0" skipped="4" time="811.364" timestamp="2020-01-19T20:03:18" hostname="localhost">
  <properties>
    <property name="device" value="MIX 2S - 9" />
    <property name="flavor" value="FOCUSAARCH64" />
    <property name="project" value="app" />
  </properties>
  <testcase name="AboutAndYourRightsPagesTest" classname="org.mozilla.focus.activity.AccessAboutAndYourRightsPagesTest" time="0.015">
    <skipped>org.junit.AssumptionViolatedException: got: &lt;false&gt;, expected: is &lt;true&gt;
at org.junit.Assume.assumeThat(Assume.java:95)
at org.junit.Assume.assumeTrue(Assume.java:41)
at org.mozilla.focus.activity.AccessAboutAndYourRightsPagesTest$1.beforeActivityLaunched(AccessAboutAndYourRightsPagesTest.java:54)
at androidx.test.rule.ActivityTestRule.launchActivity(ActivityTestRule.java:355)
at androidx.test.rule.ActivityTestRule$ActivityStatement.evaluate(ActivityTestRule.java:529)
at org.junit.rules.RunRules.evaluate(RunRules.java:20)
at org.junit.runners.ParentRunner.runLeaf(ParentRunner.java:325)
at org.junit.runners.BlockJUnit4ClassRunner.runChild(BlockJUnit4ClassRunner.java:78)
at org.junit.runners.BlockJUnit4ClassRunner.runChild(BlockJUnit4ClassRunner.java:57)
at org.junit.runners.ParentRunner$3.run(ParentRunner.java:290)
at org.junit.runners.ParentRunner$1.schedule(ParentRunner.java:71)
at org.junit.runners.ParentRunner.runChildren(ParentRunner.java:288)
at org.junit.runners.ParentRunner.access$000(ParentRunner.java:58)
at org.junit.runners.ParentRunner$2.evaluate(ParentRunner.java:268)
at org.junit.runners.ParentRunner.run(ParentRunner.java:363)
at androidx.test.runner.AndroidJUnit4.run(AndroidJUnit4.java:104)
at org.junit.runners.Suite.runChild(Suite.java:128)
at org.junit.runners.Suite.runChild(Suite.java:27)
at org.junit.runners.ParentRunner$3.run(ParentRunner.java:290)
at org.junit.runners.ParentRunner$1.schedule(ParentRunner.java:71)
at org.junit.runners.ParentRunner.runChildren(ParentRunner.java:288)
at org.junit.runners.ParentRunner.access$000(ParentRunner.java:58)
at org.junit.runners.ParentRunner$2.evaluate(ParentRunner.java:268)
at org.junit.runners.ParentRunner.run(ParentRunner.java:363)
at org.junit.runner.JUnitCore.run(JUnitCore.java:137)
at org.junit.runner.JUnitCore.run(JUnitCore.java:115)
at androidx.test.internal.runner.TestExecutor.execute(TestExecutor.java:56)
at androidx.test.runner.AndroidJUnitRunner.onStart(AndroidJUnitRunner.java:392)
at android.app.Instrumentation$InstrumentationThread.run(Unknown Source:47)
</skipped>
  </testcase>
  <testcase name="AccessSettingsTest" classname="org.mozilla.focus.activity.AccessSettingsTest" time="45.008">
    <failure>java.lang.RuntimeException: Could not launch intent Intent { act=android.intent.action.MAIN flg=0x14000000 cmp=org.mozilla.focus.debug/org.mozilla.focus.activity.MainActivity } within 45 seconds. Perhaps the main thread has not gone idle within a reasonable amount of time? There could be an animation or something constantly repainting the screen. Or the activity is doing network calls on creation? See the threaddump logs. For your reference the last time the event queue was idle before your activity launch request was 1579463388032 and now the last time the queue went idle was: 1579463432254. If these numbers are the same your activity might be hogging the event queue.
at androidx.test.runner.MonitoringInstrumentation.startActivitySync(MonitoringInstrumentation.java:481)
at androidx.test.rule.ActivityTestRule.launchActivity(ActivityTestRule.java:358)
at androidx.test.rule.ActivityTestRule$ActivityStatement.evaluate(ActivityTestRule.java:529)
at org.junit.rules.RunRules.evaluate(RunRules.java:20)
at org.junit.runners.ParentRunner.runLeaf(ParentRunner.java:325)
at org.junit.runners.BlockJUnit4ClassRunner.runChild(BlockJUnit4ClassRunner.java:78)
at org.junit.runners.BlockJUnit4ClassRunner.runChild(BlockJUnit4ClassRunner.java:57)
at org.junit.runners.ParentRunner$3.run(ParentRunner.java:290)
at org.junit.runners.ParentRunner$1.schedule(ParentRunner.java:71)
at org.junit.runners.ParentRunner.runChildren(ParentRunner.java:288)
at org.junit.runners.ParentRunner.access$000(ParentRunner.java:58)
at org.junit.runners.ParentRunner$2.evaluate(ParentRunner.java:268)
at org.junit.runners.ParentRunner.run(ParentRunner.java:363)
at androidx.test.runner.AndroidJUnit4.run(AndroidJUnit4.java:104)
at org.junit.runners.Suite.runChild(Suite.java:128)
at org.junit.runners.Suite.runChild(Suite.java:27)
at org.junit.runners.ParentRunner$3.run(ParentRunner.java:290)
at org.junit.runners.ParentRunner$1.schedule(ParentRunner.java:71)
at org.junit.runners.ParentRunner.runChildren(ParentRunner.java:288)
at org.junit.runners.ParentRunner.access$000(ParentRunner.java:58)
at org.junit.runners.ParentRunner$2.evaluate(ParentRunner.java:268)
at org.junit.runners.ParentRunner.run(ParentRunner.java:363)
at org.junit.runner.JUnitCore.run(JUnitCore.java:137)
at org.junit.runner.JUnitCore.run(JUnitCore.java:115)
at androidx.test.internal.runner.TestExecutor.execute(TestExecutor.java:56)
at androidx.test.runner.AndroidJUnitRunner.onStart(AndroidJUnitRunner.java:392)
at android.app.Instrumentation$InstrumentationThread.run(Unknown Source:47)
</failure>
  </testcase>
  <testcase name="SearchTermShortcutTest" classname="org.mozilla.focus.activity.AddToHomescreenTest" time="45.058">
    <failure>java.lang.RuntimeException: Could not launch intent Intent { act=android.intent.action.MAIN flg=0x10000000 cmp=org.mozilla.focus.debug/org.mozilla.focus.activity.MainActivity } within 45 seconds. Perhaps the main thread has not gone idle within a reasonable amount of time? There could be an animation or something constantly repainting the screen. Or the activity is doing network calls on creation? See the threaddump logs. For your reference the last time the event queue was idle before your activity launch request was 1579463433077 and now the last time the queue went idle was: 1579463477292. If these numbers are the same your activity might be hogging the event queue.
at androidx.test.runner.MonitoringInstrumentation.startActivitySync(MonitoringInstrumentation.java:481)
at androidx.test.rule.ActivityTestRule.launchActivity(ActivityTestRule.java:358)
at androidx.test.rule.ActivityTestRule$ActivityStatement.evaluate(ActivityTestRule.java:529)
at org.junit.rules.RunRules.evaluate(RunRules.java:20)
at org.junit.runners.ParentRunner.runLeaf(ParentRunner.java:325)
at org.junit.runners.BlockJUnit4ClassRunner.runChild(BlockJUnit4ClassRunner.java:78)
at org.junit.runners.BlockJUnit4ClassRunner.runChild(BlockJUnit4ClassRunner.java:57)
at org.junit.runners.ParentRunner$3.run(ParentRunner.java:290)
at org.junit.runners.ParentRunner$1.schedule(ParentRunner.java:71)
at org.junit.runners.ParentRunner.runChildren(ParentRunner.java:288)
at org.junit.runners.ParentRunner.access$000(ParentRunner.java:58)
at org.junit.runners.ParentRunner$2.evaluate(ParentRunner.java:268)
at org.junit.runners.ParentRunner.run(ParentRunner.java:363)
at androidx.test.runner.AndroidJUnit4.run(AndroidJUnit4.java:104)
at org.junit.runners.Suite.runChild(Suite.java:128)
at org.junit.runners.Suite.runChild(Suite.java:27)
at org.junit.runners.ParentRunner$3.run(ParentRunner.java:290)
at org.junit.runners.ParentRunner$1.schedule(ParentRunner.java:71)
at org.junit.runners.ParentRunner.runChildren(ParentRunner.java:288)
at org.junit.runners.ParentRunner.access$000(ParentRunner.java:58)
at org.junit.runners.ParentRunner$2.evaluate(ParentRunner.java:268)
at org.junit.runners.ParentRunner.run(ParentRunner.java:363)
at org.junit.runner.JUnitCore.run(JUnitCore.java:137)
at org.junit.runner.JUnitCore.run(JUnitCore.java:115)
at androidx.test.internal.runner.TestExecutor.execute(TestExecutor.java:56)
at androidx.test.runner.AndroidJUnitRunner.onStart(AndroidJUnitRunner.java:392)
at android.app.Instrumentation$InstrumentationThread.run(Unknown Source:47)
</failure>
  </testcase>
  <testcase name="AddToHomeScreenTest" classname="org.mozilla.focus.activity.AddToHomescreenTest" time="45.033">
    <failure>java.lang.RuntimeException: Could not launch intent Intent { act=android.intent.action.MAIN flg=0x10000000 cmp=org.mozilla.focus.debug/org.mozilla.focus.activity.MainActivity } within 45 seconds. Perhaps the main thread has not gone idle within a reasonable amount of time? There could be an animation or something constantly repainting the screen. Or the activity is doing network calls on creation? See the threaddump logs. For your reference the last time the event queue was idle before your activity launch request was 1579463478133 and now the last time the queue went idle was: 1579463522344. If these numbers are the same your activity might be hogging the event queue.
at androidx.test.runner.MonitoringInstrumentation.startActivitySync(MonitoringInstrumentation.java:481)
at androidx.test.rule.ActivityTestRule.launchActivity(ActivityTestRule.java:358)
at androidx.test.rule.ActivityTestRule$ActivityStatement.evaluate(ActivityTestRule.java:529)
at org.junit.rules.RunRules.evaluate(RunRules.java:20)
at org.junit.runners.ParentRunner.runLeaf(ParentRunner.java:325)
at org.junit.runners.BlockJUnit4ClassRunner.runChild(BlockJUnit4ClassRunner.java:78)
at org.junit.runners.BlockJUnit4ClassRunner.runChild(BlockJUnit4ClassRunner.java:57)
at org.junit.runners.ParentRunner$3.run(ParentRunner.java:290)
at org.junit.runners.ParentRunner$1.schedule(ParentRunner.java:71)
at org.junit.runners.ParentRunner.runChildren(ParentRunner.java:288)
at org.junit.runners.ParentRunner.access$000(ParentRunner.java:58)
at org.junit.runners.ParentRunner$2.evaluate(ParentRunner.java:268)
at org.junit.runners.ParentRunner.run(ParentRunner.java:363)
at androidx.test.runner.AndroidJUnit4.run(AndroidJUnit4.java:104)
at org.junit.runners.Suite.runChild(Suite.java:128)
at org.junit.runners.Suite.runChild(Suite.java:27)
at org.junit.runners.ParentRunner$3.run(ParentRunner.java:290)
at org.junit.runners.ParentRunner$1.schedule(ParentRunner.java:71)
at org.junit.runners.ParentRunner.runChildren(ParentRunner.java:288)
at org.junit.runners.ParentRunner.access$000(ParentRunner.java:58)
at org.junit.runners.ParentRunner$2.evaluate(ParentRunner.java:268)
at org.junit.runners.ParentRunner.run(ParentRunner.java:363)
at org.junit.runner.JUnitCore.run(JUnitCore.java:137)
at org.junit.runner.JUnitCore.run(JUnitCore.java:115)
at androidx.test.internal.runner.TestExecutor.execute(TestExecutor.java:56)
at androidx.test.runner.AndroidJUnitRunner.onStart(AndroidJUnitRunner.java:392)
at android.app.Instrumentation$InstrumentationThread.run(Unknown Source:47)
</failure>
  </testcase>
  <testcase name="NonameTest" classname="org.mozilla.focus.activity.AddToHomescreenTest" time="45.029">
    <failure>java.lang.RuntimeException: Could not launch intent Intent { act=android.intent.action.MAIN flg=0x10000000 cmp=org.mozilla.focus.debug/org.mozilla.focus.activity.MainActivity } within 45 seconds. Perhaps the main thread has not gone idle within a reasonable amount of time? There could be an animation or something constantly repainting the screen. Or the activity is doing network calls on creation? See the threaddump logs. For your reference the last time the event queue was idle before your activity launch request was 1579463523169 and now the last time the queue went idle was: 1579463567384. If these numbers are the same your activity might be hogging the event queue.
at androidx.test.runner.MonitoringInstrumentation.startActivitySync(MonitoringInstrumentation.java:481)
at androidx.test.rule.ActivityTestRule.launchActivity(ActivityTestRule.java:358)
at androidx.test.rule.ActivityTestRule$ActivityStatement.evaluate(ActivityTestRule.java:529)
at org.junit.rules.RunRules.evaluate(RunRules.java:20)
at org.junit.runners.ParentRunner.runLeaf(ParentRunner.java:325)
at org.junit.runners.BlockJUnit4ClassRunner.runChild(BlockJUnit4ClassRunner.java:78)
at org.junit.runners.BlockJUnit4ClassRunner.runChild(BlockJUnit4ClassRunner.java:57)
at org.junit.runners.ParentRunner$3.run(ParentRunner.java:290)
at org.junit.runners.ParentRunner$1.schedule(ParentRunner.java:71)
at org.junit.runners.ParentRunner.runChildren(ParentRunner.java:288)
at org.junit.runners.ParentRunner.access$000(ParentRunner.java:58)
at org.junit.runners.ParentRunner$2.evaluate(ParentRunner.java:268)
at org.junit.runners.ParentRunner.run(ParentRunner.java:363)
at androidx.test.runner.AndroidJUnit4.run(AndroidJUnit4.java:104)
at org.junit.runners.Suite.runChild(Suite.java:128)
at org.junit.runners.Suite.runChild(Suite.java:27)
at org.junit.runners.ParentRunner$3.run(ParentRunner.java:290)
at org.junit.runners.ParentRunner$1.schedule(ParentRunner.java:71)
at org.junit.runners.ParentRunner.runChildren(ParentRunner.java:288)
at org.junit.runners.ParentRunner.access$000(ParentRunner.java:58)
at org.junit.runners.ParentRunner$2.evaluate(ParentRunner.java:268)
at org.junit.runners.ParentRunner.run(ParentRunner.java:363)
at org.junit.runner.JUnitCore.run(JUnitCore.java:137)
at org.junit.runner.JUnitCore.run(JUnitCore.java:115)
at androidx.test.internal.runner.TestExecutor.execute(TestExecutor.java:56)
at androidx.test.runner.AndroidJUnitRunner.onStart(AndroidJUnitRunner.java:392)
at android.app.Instrumentation$InstrumentationThread.run(Unknown Source:47)
</failure>
  </testcase>
  <testcase name="BadURLcheckTest" classname="org.mozilla.focus.activity.BadURLTest" time="0.013">
    <skipped>org.junit.AssumptionViolatedException: got: &lt;false&gt;, expected: is &lt;true&gt;
at org.junit.Assume.assumeThat(Assume.java:95)
at org.junit.Assume.assumeTrue(Assume.java:41)
at org.mozilla.focus.activity.BadURLTest$1.beforeActivityLaunched(BadURLTest.java:51)
at androidx.test.rule.ActivityTestRule.launchActivity(ActivityTestRule.java:355)
at androidx.test.rule.ActivityTestRule$ActivityStatement.evaluate(ActivityTestRule.java:529)
at org.junit.rules.RunRules.evaluate(RunRules.java:20)
at org.junit.runners.ParentRunner.runLeaf(ParentRunner.java:325)
at org.junit.runners.BlockJUnit4ClassRunner.runChild(BlockJUnit4ClassRunner.java:78)
at org.junit.runners.BlockJUnit4ClassRunner.runChild(BlockJUnit4ClassRunner.java:57)
at org.junit.runners.ParentRunner$3.run(ParentRunner.java:290)
at org.junit.runners.ParentRunner$1.schedule(ParentRunner.java:71)
at org.junit.runners.ParentRunner.runChildren(ParentRunner.java:288)
at org.junit.runners.ParentRunner.access$000(ParentRunner.java:58)
at org.junit.runners.ParentRunner$2.evaluate(ParentRunner.java:268)
at org.junit.runners.ParentRunner.run(ParentRunner.java:363)
at androidx.test.runner.AndroidJUnit4.run(AndroidJUnit4.java:104)
at org.junit.runners.Suite.runChild(Suite.java:128)
at org.junit.runners.Suite.runChild(Suite.java:27)
at org.junit.runners.ParentRunner$3.run(ParentRunner.java:290)
at org.junit.runners.ParentRunner$1.schedule(ParentRunner.java:71)
at org.junit.runners.ParentRunner.runChildren(ParentRunner.java:288)
at org.junit.runners.ParentRunner.access$000(ParentRunner.java:58)
at org.junit.runners.ParentRunner$2.evaluate(ParentRunner.java:268)
at org.junit.runners.ParentRunner.run(ParentRunner.java:363)
at org.junit.runner.JUnitCore.run(JUnitCore.java:137)
at org.junit.runner.JUnitCore.run(JUnitCore.java:115)
at androidx.test.internal.runner.TestExecutor.execute(TestExecutor.java:56)
at androidx.test.runner.AndroidJUnitRunner.onStart(AndroidJUnitRunner.java:392)
at android.app.Instrumentation$InstrumentationThread.run(Unknown Source:47)
</skipped>
  </testcase>
  <testcase name="SearchTest[0]" classname="org.mozilla.focus.activity.ChangeSearchEngineTest" time="0.009">
    <skipped>org.junit.AssumptionViolatedException: got: &lt;false&gt;, expected: is &lt;true&gt;
at org.junit.Assume.assumeThat(Assume.java:95)
at org.junit.Assume.assumeTrue(Assume.java:41)
at org.mozilla.focus.activity.ChangeSearchEngineTest$1.beforeActivityLaunched(ChangeSearchEngineTest.java:69)
at androidx.test.rule.ActivityTestRule.launchActivity(ActivityTestRule.java:355)
at androidx.test.rule.ActivityTestRule$ActivityStatement.evaluate(ActivityTestRule.java:529)
at org.junit.rules.RunRules.evaluate(RunRules.java:20)
at org.junit.runners.ParentRunner.runLeaf(ParentRunner.java:325)
at org.junit.runners.BlockJUnit4ClassRunner.runChild(BlockJUnit4ClassRunner.java:78)
at org.junit.runners.BlockJUnit4ClassRunner.runChild(BlockJUnit4ClassRunner.java:57)
at org.junit.runners.ParentRunner$3.run(ParentRunner.java:290)
at org.junit.runners.ParentRunner$1.schedule(ParentRunner.java:71)
at org.junit.runners.ParentRunner.runChildren(ParentRunner.java:288)
at org.junit.runners.ParentRunner.access$000(ParentRunner.java:58)
at org.junit.runners.ParentRunner$2.evaluate(ParentRunner.java:268)
at org.junit.runners.ParentRunner.run(ParentRunner.java:363)
at org.junit.runners.Suite.runChild(Suite.java:128)
at org.junit.runners.Suite.runChild(Suite.java:27)
at org.junit.runners.ParentRunner$3.run(ParentRunner.java:290)
at org.junit.runners.ParentRunner$1.schedule(ParentRunner.java:71)
at org.junit.runners.ParentRunner.runChildren(ParentRunner.java:288)
at org.junit.runners.ParentRunner.access$000(ParentRunner.java:58)
at org.junit.runners.ParentRunner$2.evaluate(ParentRunner.java:268)
at org.junit.runners.ParentRunner.run(ParentRunner.java:363)
at org.junit.runners.Suite.runChild(Suite.java:128)
at org.junit.runners.Suite.runChild(Suite.java:27)
at org.junit.runners.ParentRunner$3.run(ParentRunner.java:290)
at org.junit.runners.ParentRunner$1.schedule(ParentRunner.java:71)
at org.junit.runners.ParentRunner.runChildren(ParentRunner.java:288)
at org.junit.runners.ParentRunner.access$000(ParentRunner.java:58)
at org.junit.runners.ParentRunner$2.evaluate(ParentRunner.java:268)
at org.junit.runners.ParentRunner.run(ParentRunner.java:363)
at org.junit.runner.JUnitCore.run(JUnitCore.java:137)
at org.junit.runner.JUnitCore.run(JUnitCore.java:115)
at androidx.test.internal.runner.TestExecutor.execute(TestExecutor.java:56)
at androidx.test.runner.AndroidJUnitRunner.onStart(AndroidJUnitRunner.java:392)
at android.app.Instrumentation$InstrumentationThread.run(Unknown Source:47)
</skipped>
  </testcase>
  <testcase name="SearchTest[1]" classname="org.mozilla.focus.activity.ChangeSearchEngineTest" time="0.019">
    <skipped>org.junit.AssumptionViolatedException: got: &lt;false&gt;, expected: is &lt;true&gt;
at org.junit.Assume.assumeThat(Assume.java:95)
at org.junit.Assume.assumeTrue(Assume.java:41)
at org.mozilla.focus.activity.ChangeSearchEngineTest$1.beforeActivityLaunched(ChangeSearchEngineTest.java:69)
at androidx.test.rule.ActivityTestRule.launchActivity(ActivityTestRule.java:355)
at androidx.test.rule.ActivityTestRule$ActivityStatement.evaluate(ActivityTestRule.java:529)
at org.junit.rules.RunRules.evaluate(RunRules.java:20)
at org.junit.runners.ParentRunner.runLeaf(ParentRunner.java:325)
at org.junit.runners.BlockJUnit4ClassRunner.runChild(BlockJUnit4ClassRunner.java:78)
at org.junit.runners.BlockJUnit4ClassRunner.runChild(BlockJUnit4ClassRunner.java:57)
at org.junit.runners.ParentRunner$3.run(ParentRunner.java:290)
at org.junit.runners.ParentRunner$1.schedule(ParentRunner.java:71)
at org.junit.runners.ParentRunner.runChildren(ParentRunner.java:288)
at org.junit.runners.ParentRunner.access$000(ParentRunner.java:58)
at org.junit.runners.ParentRunner$2.evaluate(ParentRunner.java:268)
at org.junit.runners.ParentRunner.run(ParentRunner.java:363)
at org.junit.runners.Suite.runChild(Suite.java:128)
at org.junit.runners.Suite.runChild(Suite.java:27)
at org.junit.runners.ParentRunner$3.run(ParentRunner.java:290)
at org.junit.runners.ParentRunner$1.schedule(ParentRunner.java:71)
at org.junit.runners.ParentRunner.runChildren(ParentRunner.java:288)
at org.junit.runners.ParentRunner.access$000(ParentRunner.java:58)
at org.junit.runners.ParentRunner$2.evaluate(ParentRunner.java:268)
at org.junit.runners.ParentRunner.run(ParentRunner.java:363)
at org.junit.runners.Suite.runChild(Suite.java:128)
at org.junit.runners.Suite.runChild(Suite.java:27)
at org.junit.runners.ParentRunner$3.run(ParentRunner.java:290)
at org.junit.runners.ParentRunner$1.schedule(ParentRunner.java:71)
at org.junit.runners.ParentRunner.runChildren(ParentRunner.java:288)
at org.junit.runners.ParentRunner.access$000(ParentRunner.java:58)
at org.junit.runners.ParentRunner$2.evaluate(ParentRunner.java:268)
at org.junit.runners.ParentRunner.run(ParentRunner.java:363)
at org.junit.runner.JUnitCore.run(JUnitCore.java:137)
at org.junit.runner.JUnitCore.run(JUnitCore.java:115)
at androidx.test.internal.runner.TestExecutor.execute(TestExecutor.java:56)
at androidx.test.runner.AndroidJUnitRunner.onStart(AndroidJUnitRunner.java:392)
at android.app.Instrumentation$InstrumentationThread.run(Unknown Source:47)
</skipped>
  </testcase>
  <testcase name="testCustomTabUI" classname="org.mozilla.focus.activity.CustomTabTest" time="44.94">
    <failure>java.lang.NullPointerException: Attempt to invoke virtual method 'void org.mozilla.focus.activity.IntentReceiverActivity.finishAndRemoveTask()' on a null object reference
at org.mozilla.focus.activity.CustomTabTest.tearDown(CustomTabTest.java:79)
at java.lang.reflect.Method.invoke(Native Method)
at org.junit.runners.model.FrameworkMethod$1.runReflectiveCall(FrameworkMethod.java:50)
at org.junit.internal.runners.model.ReflectiveCallable.run(ReflectiveCallable.java:12)
at org.junit.runners.model.FrameworkMethod.invokeExplosively(FrameworkMethod.java:47)
at androidx.test.internal.runner.junit4.statement.RunAfters.evaluate(RunAfters.java:80)
at androidx.test.rule.ActivityTestRule$ActivityStatement.evaluate(ActivityTestRule.java:531)
at org.junit.rules.RunRules.evaluate(RunRules.java:20)
at org.junit.runners.ParentRunner.runLeaf(ParentRunner.java:325)
at org.junit.runners.BlockJUnit4ClassRunner.runChild(BlockJUnit4ClassRunner.java:78)
at org.junit.runners.BlockJUnit4ClassRunner.runChild(BlockJUnit4ClassRunner.java:57)
at org.junit.runners.ParentRunner$3.run(ParentRunner.java:290)
at org.junit.runners.ParentRunner$1.schedule(ParentRunner.java:71)
at org.junit.runners.ParentRunner.runChildren(ParentRunner.java:288)
at org.junit.runners.ParentRunner.access$000(ParentRunner.java:58)
at org.junit.runners.ParentRunner$2.evaluate(ParentRunner.java:268)
at org.junit.runners.ParentRunner.run(ParentRunner.java:363)
at androidx.test.runner.AndroidJUnit4.run(AndroidJUnit4.java:104)
at org.junit.runners.Suite.runChild(Suite.java:128)
at org.junit.runners.Suite.runChild(Suite.java:27)
at org.junit.runners.ParentRunner$3.run(ParentRunner.java:290)
at org.junit.runners.ParentRunner$1.schedule(ParentRunner.java:71)
at org.junit.runners.ParentRunner.runChildren(ParentRunner.java:288)
at org.junit.runners.ParentRunner.access$000(ParentRunner.java:58)
at org.junit.runners.ParentRunner$2.evaluate(ParentRunner.java:268)
at org.junit.runners.ParentRunner.run(ParentRunner.java:363)
at org.junit.runner.JUnitCore.run(JUnitCore.java:137)
at org.junit.runner.JUnitCore.run(JUnitCore.java:115)
at androidx.test.internal.runner.TestExecutor.execute(TestExecutor.java:56)
at androidx.test.runner.AndroidJUnitRunner.onStart(AndroidJUnitRunner.java:392)
at android.app.Instrumentation$InstrumentationThread.run(Unknown Source:47)
</failure>
  </testcase>
  <testcase name="DownloadTest" classname="org.mozilla.focus.activity.DownloadFileTest" time="0.002">
    <skipped>org.junit.AssumptionViolatedException: got: &lt;false&gt;, expected: is &lt;true&gt;
at org.junit.Assume.assumeThat(Assume.java:95)
at org.junit.Assume.assumeTrue(Assume.java:41)
at org.mozilla.focus.activity.DownloadFileTest$1.beforeActivityLaunched(DownloadFileTest.java:52)
at androidx.test.rule.ActivityTestRule.launchActivity(ActivityTestRule.java:355)
at androidx.test.rule.ActivityTestRule$ActivityStatement.evaluate(ActivityTestRule.java:529)
at org.junit.rules.RunRules.evaluate(RunRules.java:20)
at org.junit.runners.ParentRunner.runLeaf(ParentRunner.java:325)
at org.junit.runners.BlockJUnit4ClassRunner.runChild(BlockJUnit4ClassRunner.java:78)
at org.junit.runners.BlockJUnit4ClassRunner.runChild(BlockJUnit4ClassRunner.java:57)
at org.junit.runners.ParentRunner$3.run(ParentRunner.java:290)
at org.junit.runners.ParentRunner$1.schedule(ParentRunner.java:71)
at org.junit.runners.ParentRunner.runChildren(ParentRunner.java:288)
at org.junit.runners.ParentRunner.access$000(ParentRunner.java:58)
at org.junit.runners.ParentRunner$2.evaluate(ParentRunner.java:268)
at org.junit.runners.ParentRunner.run(ParentRunner.java:363)
at androidx.test.runner.AndroidJUnit4.run(AndroidJUnit4.java:104)
at org.junit.runners.Suite.runChild(Suite.java:128)
at org.junit.runners.Suite.runChild(Suite.java:27)
at org.junit.runners.ParentRunner$3.run(ParentRunner.java:290)
at org.junit.runners.ParentRunner$1.schedule(ParentRunner.java:71)
at org.junit.runners.ParentRunner.runChildren(ParentRunner.java:288)
at org.junit.runners.ParentRunner.access$000(ParentRunner.java:58)
at org.junit.runners.ParentRunner$2.evaluate(ParentRunner.java:268)
at org.junit.runners.ParentRunner.run(ParentRunner.java:363)
at org.junit.runner.JUnitCore.run(JUnitCore.java:137)
at org.junit.runner.JUnitCore.run(JUnitCore.java:115)
at androidx.test.internal.runner.TestExecutor.execute(TestExecutor.java:56)
at androidx.test.runner.AndroidJUnitRunner.onStart(AndroidJUnitRunner.java:392)
at android.app.Instrumentation$InstrumentationThread.run(Unknown Source:47)
</skipped>
  </testcase>
  <testcase name="TrashTest" classname="org.mozilla.focus.activity.EraseAllUserDataTest" time="45.048">
    <failure>java.lang.RuntimeException: Could not launch intent Intent { act=android.intent.action.MAIN flg=0x10000000 cmp=org.mozilla.focus.debug/org.mozilla.focus.activity.MainActivity } within 45 seconds. Perhaps the main thread has not gone idle within a reasonable amount of time? There could be an animation or something constantly repainting the screen. Or the activity is doing network calls on creation? See the threaddump logs. For your reference the last time the event queue was idle before your activity launch request was 1579463613328 and now the last time the queue went idle was: 1579463657480. If these numbers are the same your activity might be hogging the event queue.
at androidx.test.runner.MonitoringInstrumentation.startActivitySync(MonitoringInstrumentation.java:481)
at androidx.test.rule.ActivityTestRule.launchActivity(ActivityTestRule.java:358)
at androidx.test.rule.ActivityTestRule$ActivityStatement.evaluate(ActivityTestRule.java:529)
at org.junit.rules.RunRules.evaluate(RunRules.java:20)
at org.junit.runners.ParentRunner.runLeaf(ParentRunner.java:325)
at org.junit.runners.BlockJUnit4ClassRunner.runChild(BlockJUnit4ClassRunner.java:78)
at org.junit.runners.BlockJUnit4ClassRunner.runChild(BlockJUnit4ClassRunner.java:57)
at org.junit.runners.ParentRunner$3.run(ParentRunner.java:290)
at org.junit.runners.ParentRunner$1.schedule(ParentRunner.java:71)
at org.junit.runners.ParentRunner.runChildren(ParentRunner.java:288)
at org.junit.runners.ParentRunner.access$000(ParentRunner.java:58)
at org.junit.runners.ParentRunner$2.evaluate(ParentRunner.java:268)
at org.junit.runners.ParentRunner.run(ParentRunner.java:363)
at androidx.test.runner.AndroidJUnit4.run(AndroidJUnit4.java:104)
at org.junit.runners.Suite.runChild(Suite.java:128)
at org.junit.runners.Suite.runChild(Suite.java:27)
at org.junit.runners.ParentRunner$3.run(ParentRunner.java:290)
at org.junit.runners.ParentRunner$1.schedule(ParentRunner.java:71)
at org.junit.runners.ParentRunner.runChildren(ParentRunner.java:288)
at org.junit.runners.ParentRunner.access$000(ParentRunner.java:58)
at org.junit.runners.ParentRunner$2.evaluate(ParentRunner.java:268)
at org.junit.runners.ParentRunner.run(ParentRunner.java:363)
at org.junit.runner.JUnitCore.run(JUnitCore.java:137)
at org.junit.runner.JUnitCore.run(JUnitCore.java:115)
at androidx.test.internal.runner.TestExecutor.execute(TestExecutor.java:56)
at androidx.test.runner.AndroidJUnitRunner.onStart(AndroidJUnitRunner.java:392)
at android.app.Instrumentation$InstrumentationThread.run(Unknown Source:47)
</failure>
  </testcase>
  <testcase name="systemBarHomeViewTest" classname="org.mozilla.focus.activity.EraseAllUserDataTest" time="45.086">
    <failure>java.lang.RuntimeException: Could not launch intent Intent { act=android.intent.action.MAIN flg=0x10000000 cmp=org.mozilla.focus.debug/org.mozilla.focus.activity.MainActivity } within 45 seconds. Perhaps the main thread has not gone idle within a reasonable amount of time? There could be an animation or something constantly repainting the screen. Or the activity is doing network calls on creation? See the threaddump logs. For your reference the last time the event queue was idle before your activity launch request was 1579463658368 and now the last time the queue went idle was: 1579463702558. If these numbers are the same your activity might be hogging the event queue.
at androidx.test.runner.MonitoringInstrumentation.startActivitySync(MonitoringInstrumentation.java:481)
at androidx.test.rule.ActivityTestRule.launchActivity(ActivityTestRule.java:358)
at androidx.test.rule.ActivityTestRule$ActivityStatement.evaluate(ActivityTestRule.java:529)
at org.junit.rules.RunRules.evaluate(RunRules.java:20)
at org.junit.runners.ParentRunner.runLeaf(ParentRunner.java:325)
at org.junit.runners.BlockJUnit4ClassRunner.runChild(BlockJUnit4ClassRunner.java:78)
at org.junit.runners.BlockJUnit4ClassRunner.runChild(BlockJUnit4ClassRunner.java:57)
at org.junit.runners.ParentRunner$3.run(ParentRunner.java:290)
at org.junit.runners.ParentRunner$1.schedule(ParentRunner.java:71)
at org.junit.runners.ParentRunner.runChildren(ParentRunner.java:288)
at org.junit.runners.ParentRunner.access$000(ParentRunner.java:58)
at org.junit.runners.ParentRunner$2.evaluate(ParentRunner.java:268)
at org.junit.runners.ParentRunner.run(ParentRunner.java:363)
at androidx.test.runner.AndroidJUnit4.run(AndroidJUnit4.java:104)
at org.junit.runners.Suite.runChild(Suite.java:128)
at org.junit.runners.Suite.runChild(Suite.java:27)
at org.junit.runners.ParentRunner$3.run(ParentRunner.java:290)
at org.junit.runners.ParentRunner$1.schedule(ParentRunner.java:71)
at org.junit.runners.ParentRunner.runChildren(ParentRunner.java:288)
at org.junit.runners.ParentRunner.access$000(ParentRunner.java:58)
at org.junit.runners.ParentRunner$2.evaluate(ParentRunner.java:268)
at org.junit.runners.ParentRunner.run(ParentRunner.java:363)
at org.junit.runner.JUnitCore.run(JUnitCore.java:137)
at org.junit.runner.JUnitCore.run(JUnitCore.java:115)
at androidx.test.internal.runner.TestExecutor.execute(TestExecutor.java:56)
at androidx.test.runner.AndroidJUnitRunner.onStart(AndroidJUnitRunner.java:392)
at android.app.Instrumentation$InstrumentationThread.run(Unknown Source:47)
</failure>
  </testcase>
  <testcase name="systemBarTest" classname="org.mozilla.focus.activity.EraseAllUserDataTest" time="44.985">
    <failure>java.lang.RuntimeException: Could not launch intent Intent { act=android.intent.action.MAIN flg=0x10000000 cmp=org.mozilla.focus.debug/org.mozilla.focus.activity.MainActivity } within 45 seconds. Perhaps the main thread has not gone idle within a reasonable amount of time? There could be an animation or something constantly repainting the screen. Or the activity is doing network calls on creation? See the threaddump logs. For your reference the last time the event queue was idle before your activity launch request was 1579463703409 and now the last time the queue went idle was: 1579463747862. If these numbers are the same your activity might be hogging the event queue.
at androidx.test.runner.MonitoringInstrumentation.startActivitySync(MonitoringInstrumentation.java:481)
at androidx.test.rule.ActivityTestRule.launchActivity(ActivityTestRule.java:358)
at androidx.test.rule.ActivityTestRule$ActivityStatement.evaluate(ActivityTestRule.java:529)
at org.junit.rules.RunRules.evaluate(RunRules.java:20)
at org.junit.runners.ParentRunner.runLeaf(ParentRunner.java:325)
at org.junit.runners.BlockJUnit4ClassRunner.runChild(BlockJUnit4ClassRunner.java:78)
at org.junit.runners.BlockJUnit4ClassRunner.runChild(BlockJUnit4ClassRunner.java:57)
at org.junit.runners.ParentRunner$3.run(ParentRunner.java:290)
at org.junit.runners.ParentRunner$1.schedule(ParentRunner.java:71)
at org.junit.runners.ParentRunner.runChildren(ParentRunner.java:288)
at org.junit.runners.ParentRunner.access$000(ParentRunner.java:58)
at org.junit.runners.ParentRunner$2.evaluate(ParentRunner.java:268)
at org.junit.runners.ParentRunner.run(ParentRunner.java:363)
at androidx.test.runner.AndroidJUnit4.run(AndroidJUnit4.java:104)
at org.junit.runners.Suite.runChild(Suite.java:128)
at org.junit.runners.Suite.runChild(Suite.java:27)
at org.junit.runners.ParentRunner$3.run(ParentRunner.java:290)
at org.junit.runners.ParentRunner$1.schedule(ParentRunner.java:71)
at org.junit.runners.ParentRunner.runChildren(ParentRunner.java:288)
at org.junit.runners.ParentRunner.access$000(ParentRunner.java:58)
at org.junit.runners.ParentRunner$2.evaluate(ParentRunner.java:268)
at org.junit.runners.ParentRunner.run(ParentRunner.java:363)
at org.junit.runner.JUnitCore.run(JUnitCore.java:137)
at org.junit.runner.JUnitCore.run(JUnitCore.java:115)
at androidx.test.internal.runner.TestExecutor.execute(TestExecutor.java:56)
at androidx.test.runner.AndroidJUnitRunner.onStart(AndroidJUnitRunner.java:392)
at android.app.Instrumentation$InstrumentationThread.run(Unknown Source:47)
</failure>
  </testcase>
  <testcase name="FirstRunDialogueTest" classname="org.mozilla.focus.activity.FirstRunDialogueTest" time="45.032">
    <failure>java.lang.RuntimeException: Could not launch intent Intent { act=android.intent.action.MAIN flg=0x10000000 cmp=org.mozilla.focus.debug/org.mozilla.focus.activity.MainActivity } within 45 seconds. Perhaps the main thread has not gone idle within a reasonable amount of time? There could be an animation or something constantly repainting the screen. Or the activity is doing network calls on creation? See the threaddump logs. For your reference the last time the event queue was idle before your activity launch request was 1579463748451 and now the last time the queue went idle was: 1579463792617. If these numbers are the same your activity might be hogging the event queue.
at androidx.test.runner.MonitoringInstrumentation.startActivitySync(MonitoringInstrumentation.java:481)
at androidx.test.rule.ActivityTestRule.launchActivity(ActivityTestRule.java:358)
at androidx.test.rule.ActivityTestRule$ActivityStatement.evaluate(ActivityTestRule.java:529)
at org.junit.rules.RunRules.evaluate(RunRules.java:20)
at org.junit.runners.ParentRunner.runLeaf(ParentRunner.java:325)
at org.junit.runners.BlockJUnit4ClassRunner.runChild(BlockJUnit4ClassRunner.java:78)
at org.junit.runners.BlockJUnit4ClassRunner.runChild(BlockJUnit4ClassRunner.java:57)
at org.junit.runners.ParentRunner$3.run(ParentRunner.java:290)
at org.junit.runners.ParentRunner$1.schedule(ParentRunner.java:71)
at org.junit.runners.ParentRunner.runChildren(ParentRunner.java:288)
at org.junit.runners.ParentRunner.access$000(ParentRunner.java:58)
at org.junit.runners.ParentRunner$2.evaluate(ParentRunner.java:268)
at org.junit.runners.ParentRunner.run(ParentRunner.java:363)
at androidx.test.runner.AndroidJUnit4.run(AndroidJUnit4.java:104)
at org.junit.runners.Suite.runChild(Suite.java:128)
at org.junit.runners.Suite.runChild(Suite.java:27)
at org.junit.runners.ParentRunner$3.run(ParentRunner.java:290)
at org.junit.runners.ParentRunner$1.schedule(ParentRunner.java:71)
at org.junit.runners.ParentRunner.runChildren(ParentRunner.java:288)
at org.junit.runners.ParentRunner.access$000(ParentRunner.java:58)
at org.junit.runners.ParentRunner$2.evaluate(ParentRunner.java:268)
at org.junit.runners.ParentRunner.run(ParentRunner.java:363)
at org.junit.runner.JUnitCore.run(JUnitCore.java:137)
at org.junit.runner.JUnitCore.run(JUnitCore.java:115)
at androidx.test.internal.runner.TestExecutor.execute(TestExecutor.java:56)
at androidx.test.runner.AndroidJUnitRunner.onStart(AndroidJUnitRunner.java:392)
at android.app.Instrumentation$InstrumentationThread.run(Unknown Source:47)
</failure>
  </testcase>
  <testcase name="ShareImageTest" classname="org.mozilla.focus.activity.ImageSelectTest" time="0.041">
    <skipped>org.junit.AssumptionViolatedException: got: &lt;false&gt;, expected: is &lt;true&gt;
at org.junit.Assume.assumeThat(Assume.java:95)
at org.junit.Assume.assumeTrue(Assume.java:41)
at org.mozilla.focus.activity.ImageSelectTest$1.beforeActivityLaunched(ImageSelectTest.java:81)
at androidx.test.rule.ActivityTestRule.launchActivity(ActivityTestRule.java:355)
at androidx.test.rule.ActivityTestRule$ActivityStatement.evaluate(ActivityTestRule.java:529)
at org.junit.rules.RunRules.evaluate(RunRules.java:20)
at org.junit.runners.ParentRunner.runLeaf(ParentRunner.java:325)
at org.junit.runners.BlockJUnit4ClassRunner.runChild(BlockJUnit4ClassRunner.java:78)
at org.junit.runners.BlockJUnit4ClassRunner.runChild(BlockJUnit4ClassRunner.java:57)
at org.junit.runners.ParentRunner$3.run(ParentRunner.java:290)
at org.junit.runners.ParentRunner$1.schedule(ParentRunner.java:71)
at org.junit.runners.ParentRunner.runChildren(ParentRunner.java:288)
at org.junit.runners.ParentRunner.access$000(ParentRunner.java:58)
at org.junit.runners.ParentRunner$2.evaluate(ParentRunner.java:268)
at org.junit.runners.ParentRunner.run(ParentRunner.java:363)
at androidx.test.runner.AndroidJUnit4.run(AndroidJUnit4.java:104)
at org.junit.runners.Suite.runChild(Suite.java:128)
at org.junit.runners.Suite.runChild(Suite.java:27)
at org.junit.runners.ParentRunner$3.run(ParentRunner.java:290)
at org.junit.runners.ParentRunner$1.schedule(ParentRunner.java:71)
at org.junit.runners.ParentRunner.runChildren(ParentRunner.java:288)
at org.junit.runners.ParentRunner.access$000(ParentRunner.java:58)
at org.junit.runners.ParentRunner$2.evaluate(ParentRunner.java:268)
at org.junit.runners.ParentRunner.run(ParentRunner.java:363)
at org.junit.runner.JUnitCore.run(JUnitCore.java:137)
at org.junit.runner.JUnitCore.run(JUnitCore.java:115)
at androidx.test.internal.runner.TestExecutor.execute(TestExecutor.java:56)
at androidx.test.runner.AndroidJUnitRunner.onStart(AndroidJUnitRunner.java:392)
at android.app.Instrumentation$InstrumentationThread.run(Unknown Source:47)
</skipped>
  </testcase>
  <testcase name="DownloadImageMenuTest" classname="org.mozilla.focus.activity.ImageSelectTest" time="0.015">
    <skipped>org.junit.AssumptionViolatedException: got: &lt;false&gt;, expected: is &lt;true&gt;
at org.junit.Assume.assumeThat(Assume.java:95)
at org.junit.Assume.assumeTrue(Assume.java:41)
at org.mozilla.focus.activity.ImageSelectTest$1.beforeActivityLaunched(ImageSelectTest.java:81)
at androidx.test.rule.ActivityTestRule.launchActivity(ActivityTestRule.java:355)
at androidx.test.rule.ActivityTestRule$ActivityStatement.evaluate(ActivityTestRule.java:529)
at org.junit.rules.RunRules.evaluate(RunRules.java:20)
at org.junit.runners.ParentRunner.runLeaf(ParentRunner.java:325)
at org.junit.runners.BlockJUnit4ClassRunner.runChild(BlockJUnit4ClassRunner.java:78)
at org.junit.runners.BlockJUnit4ClassRunner.runChild(BlockJUnit4ClassRunner.java:57)
at org.junit.runners.ParentRunner$3.run(ParentRunner.java:290)
at org.junit.runners.ParentRunner$1.schedule(ParentRunner.java:71)
at org.junit.runners.ParentRunner.runChildren(ParentRunner.java:288)
at org.junit.runners.ParentRunner.access$000(ParentRunner.java:58)
at org.junit.runners.ParentRunner$2.evaluate(ParentRunner.java:268)
at org.junit.runners.ParentRunner.run(ParentRunner.java:363)
at androidx.test.runner.AndroidJUnit4.run(AndroidJUnit4.java:104)
at org.junit.runners.Suite.runChild(Suite.java:128)
at org.junit.runners.Suite.runChild(Suite.java:27)
at org.junit.runners.ParentRunner$3.run(ParentRunner.java:290)
at org.junit.runners.ParentRunner$1.schedule(ParentRunner.java:71)
at org.junit.runners.ParentRunner.runChildren(ParentRunner.java:288)
at org.junit.runners.ParentRunner.access$000(ParentRunner.java:58)
at org.junit.runners.ParentRunner$2.evaluate(ParentRunner.java:268)
at org.junit.runners.ParentRunner.run(ParentRunner.java:363)
at org.junit.runner.JUnitCore.run(JUnitCore.java:137)
at org.junit.runner.JUnitCore.run(JUnitCore.java:115)
at androidx.test.internal.runner.TestExecutor.execute(TestExecutor.java:56)
at androidx.test.runner.AndroidJUnitRunner.onStart(AndroidJUnitRunner.java:392)
at android.app.Instrumentation$InstrumentationThread.run(Unknown Source:47)
</skipped>
  </testcase>
  <testcase name="ImageMenuTest" classname="org.mozilla.focus.activity.ImageSelectTest" time="0.012">
    <skipped>org.junit.AssumptionViolatedException: got: &lt;false&gt;, expected: is &lt;true&gt;
at org.junit.Assume.assumeThat(Assume.java:95)
at org.junit.Assume.assumeTrue(Assume.java:41)
at org.mozilla.focus.activity.ImageSelectTest$1.beforeActivityLaunched(ImageSelectTest.java:81)
at androidx.test.rule.ActivityTestRule.launchActivity(ActivityTestRule.java:355)
at androidx.test.rule.ActivityTestRule$ActivityStatement.evaluate(ActivityTestRule.java:529)
at org.junit.rules.RunRules.evaluate(RunRules.java:20)
at org.junit.runners.ParentRunner.runLeaf(ParentRunner.java:325)
at org.junit.runners.BlockJUnit4ClassRunner.runChild(BlockJUnit4ClassRunner.java:78)
at org.junit.runners.BlockJUnit4ClassRunner.runChild(BlockJUnit4ClassRunner.java:57)
at org.junit.runners.ParentRunner$3.run(ParentRunner.java:290)
at org.junit.runners.ParentRunner$1.schedule(ParentRunner.java:71)
at org.junit.runners.ParentRunner.runChildren(ParentRunner.java:288)
at org.junit.runners.ParentRunner.access$000(ParentRunner.java:58)
at org.junit.runners.ParentRunner$2.evaluate(ParentRunner.java:268)
at org.junit.runners.ParentRunner.run(ParentRunner.java:363)
at androidx.test.runner.AndroidJUnit4.run(AndroidJUnit4.java:104)
at org.junit.runners.Suite.runChild(Suite.java:128)
at org.junit.runners.Suite.runChild(Suite.java:27)
at org.junit.runners.ParentRunner$3.run(ParentRunner.java:290)
at org.junit.runners.ParentRunner$1.schedule(ParentRunner.java:71)
at org.junit.runners.ParentRunner.runChildren(ParentRunner.java:288)
at org.junit.runners.ParentRunner.access$000(ParentRunner.java:58)
at org.junit.runners.ParentRunner$2.evaluate(ParentRunner.java:268)
at org.junit.runners.ParentRunner.run(ParentRunner.java:363)
at org.junit.runner.JUnitCore.run(JUnitCore.java:137)
at org.junit.runner.JUnitCore.run(JUnitCore.java:115)
at androidx.test.internal.runner.TestExecutor.execute(TestExecutor.java:56)
at androidx.test.runner.AndroidJUnitRunner.onStart(AndroidJUnitRunner.java:392)
at android.app.Instrumentation$InstrumentationThread.run(Unknown Source:47)
</skipped>
  </testcase>
  <testcase name="testVisitingMultipleSites" classname="org.mozilla.focus.activity.MultitaskingTest" time="0.013">
    <skipped>org.junit.AssumptionViolatedException: got: &lt;false&gt;, expected: is &lt;true&gt;
at org.junit.Assume.assumeThat(Assume.java:95)
at org.junit.Assume.assumeTrue(Assume.java:41)
at org.junit.Assume.assumeFalse(Assume.java:48)
at org.mozilla.focus.activity.MultitaskingTest$1.beforeActivityLaunched(MultitaskingTest.java:73)
at androidx.test.rule.ActivityTestRule.launchActivity(ActivityTestRule.java:355)
at androidx.test.rule.ActivityTestRule$ActivityStatement.evaluate(ActivityTestRule.java:529)
at org.junit.rules.RunRules.evaluate(RunRules.java:20)
at org.junit.runners.ParentRunner.runLeaf(ParentRunner.java:325)
at org.junit.runners.BlockJUnit4ClassRunner.runChild(BlockJUnit4ClassRunner.java:78)
at org.junit.runners.BlockJUnit4ClassRunner.runChild(BlockJUnit4ClassRunner.java:57)
at org.junit.runners.ParentRunner$3.run(ParentRunner.java:290)
at org.junit.runners.ParentRunner$1.schedule(ParentRunner.java:71)
at org.junit.runners.ParentRunner.runChildren(ParentRunner.java:288)
at org.junit.runners.ParentRunner.access$000(ParentRunner.java:58)
at org.junit.runners.ParentRunner$2.evaluate(ParentRunner.java:268)
at org.junit.runners.ParentRunner.run(ParentRunner.java:363)
at androidx.test.runner.AndroidJUnit4.run(AndroidJUnit4.java:104)
at org.junit.runners.Suite.runChild(Suite.java:128)
at org.junit.runners.Suite.runChild(Suite.java:27)
at org.junit.runners.ParentRunner$3.run(ParentRunner.java:290)
at org.junit.runners.ParentRunner$1.schedule(ParentRunner.java:71)
at org.junit.runners.ParentRunner.runChildren(ParentRunner.java:288)
at org.junit.runners.ParentRunner.access$000(ParentRunner.java:58)
at org.junit.runners.ParentRunner$2.evaluate(ParentRunner.java:268)
at org.junit.runners.ParentRunner.run(ParentRunner.java:363)
at org.junit.runner.JUnitCore.run(JUnitCore.java:137)
at org.junit.runner.JUnitCore.run(JUnitCore.java:115)
at androidx.test.internal.runner.TestExecutor.execute(TestExecutor.java:56)
at androidx.test.runner.AndroidJUnitRunner.onStart(AndroidJUnitRunner.java:392)
at android.app.Instrumentation$InstrumentationThread.run(Unknown Source:47)
</skipped>
  </testcase>
  <testcase name="OpenInExternalBrowserDialogueTest" classname="org.mozilla.focus.activity.OpenInExternalBrowserDialogueTest" time="45.058">
    <failure>java.lang.RuntimeException: Could not launch intent Intent { act=android.intent.action.MAIN flg=0x10000000 cmp=org.mozilla.focus.debug/org.mozilla.focus.activity.MainActivity } within 45 seconds. Perhaps the main thread has not gone idle within a reasonable amount of time? There could be an animation or something constantly repainting the screen. Or the activity is doing network calls on creation? See the threaddump logs. For your reference the last time the event queue was idle before your activity launch request was 1579463793556 and now the last time the queue went idle was: 1579463837660. If these numbers are the same your activity might be hogging the event queue.
at androidx.test.runner.MonitoringInstrumentation.startActivitySync(MonitoringInstrumentation.java:481)
at androidx.test.rule.ActivityTestRule.launchActivity(ActivityTestRule.java:358)
at androidx.test.rule.ActivityTestRule$ActivityStatement.evaluate(ActivityTestRule.java:529)
at org.junit.rules.RunRules.evaluate(RunRules.java:20)
at org.junit.runners.ParentRunner.runLeaf(ParentRunner.java:325)
at org.junit.runners.BlockJUnit4ClassRunner.runChild(BlockJUnit4ClassRunner.java:78)
at org.junit.runners.BlockJUnit4ClassRunner.runChild(BlockJUnit4ClassRunner.java:57)
at org.junit.runners.ParentRunner$3.run(ParentRunner.java:290)
at org.junit.runners.ParentRunner$1.schedule(ParentRunner.java:71)
at org.junit.runners.ParentRunner.runChildren(ParentRunner.java:288)
at org.junit.runners.ParentRunner.access$000(ParentRunner.java:58)
at org.junit.runners.ParentRunner$2.evaluate(ParentRunner.java:268)
at org.junit.runners.ParentRunner.run(ParentRunner.java:363)
at androidx.test.runner.AndroidJUnit4.run(AndroidJUnit4.java:104)
at org.junit.runners.Suite.runChild(Suite.java:128)
at org.junit.runners.Suite.runChild(Suite.java:27)
at org.junit.runners.ParentRunner$3.run(ParentRunner.java:290)
at org.junit.runners.ParentRunner$1.schedule(ParentRunner.java:71)
at org.junit.runners.ParentRunner.runChildren(ParentRunner.java:288)
at org.junit.runners.ParentRunner.access$000(ParentRunner.java:58)
at org.junit.runners.ParentRunner$2.evaluate(ParentRunner.java:268)
at org.junit.runners.ParentRunner.run(ParentRunner.java:363)
at org.junit.runner.JUnitCore.run(JUnitCore.java:137)
at org.junit.runner.JUnitCore.run(JUnitCore.java:115)
at androidx.test.internal.runner.TestExecutor.execute(TestExecutor.java:56)
at androidx.test.runner.AndroidJUnitRunner.onStart(AndroidJUnitRunner.java:392)
at android.app.Instrumentation$InstrumentationThread.run(Unknown Source:47)
</failure>
  </testcase>
  <testcase name="null" classname="org.mozilla.focus.activity.PullDownToRefreshTest" time="0.002">
    <skipped />
  </testcase>
  <testcase name="SettingsToggleTest" classname="org.mozilla.focus.activity.SettingsBlockToggleTest" time="45.046">
    <failure>java.lang.RuntimeException: Could not launch intent Intent { act=android.intent.action.MAIN flg=0x10000000 cmp=org.mozilla.focus.debug/org.mozilla.focus.activity.MainActivity } within 45 seconds. Perhaps the main thread has not gone idle within a reasonable amount of time? There could be an animation or something constantly repainting the screen. Or the activity is doing network calls on creation? See the threaddump logs. For your reference the last time the event queue was idle before your activity launch request was 1579463838618 and now the last time the queue went idle was: 1579463882815. If these numbers are the same your activity might be hogging the event queue.
at androidx.test.runner.MonitoringInstrumentation.startActivitySync(MonitoringInstrumentation.java:481)
at androidx.test.rule.ActivityTestRule.launchActivity(ActivityTestRule.java:358)
at androidx.test.rule.ActivityTestRule$ActivityStatement.evaluate(ActivityTestRule.java:529)
at org.junit.rules.RunRules.evaluate(RunRules.java:20)
at org.junit.runners.ParentRunner.runLeaf(ParentRunner.java:325)
at org.junit.runners.BlockJUnit4ClassRunner.runChild(BlockJUnit4ClassRunner.java:78)
at org.junit.runners.BlockJUnit4ClassRunner.runChild(BlockJUnit4ClassRunner.java:57)
at org.junit.runners.ParentRunner$3.run(ParentRunner.java:290)
at org.junit.runners.ParentRunner$1.schedule(ParentRunner.java:71)
at org.junit.runners.ParentRunner.runChildren(ParentRunner.java:288)
at org.junit.runners.ParentRunner.access$000(ParentRunner.java:58)
at org.junit.runners.ParentRunner$2.evaluate(ParentRunner.java:268)
at org.junit.runners.ParentRunner.run(ParentRunner.java:363)
at androidx.test.runner.AndroidJUnit4.run(AndroidJUnit4.java:104)
at org.junit.runners.Suite.runChild(Suite.java:128)
at org.junit.runners.Suite.runChild(Suite.java:27)
at org.junit.runners.ParentRunner$3.run(ParentRunner.java:290)
at org.junit.runners.ParentRunner$1.schedule(ParentRunner.java:71)
at org.junit.runners.ParentRunner.runChildren(ParentRunner.java:288)
at org.junit.runners.ParentRunner.access$000(ParentRunner.java:58)
at org.junit.runners.ParentRunner$2.evaluate(ParentRunner.java:268)
at org.junit.runners.ParentRunner.run(ParentRunner.java:363)
at org.junit.runner.JUnitCore.run(JUnitCore.java:137)
at org.junit.runner.JUnitCore.run(JUnitCore.java:115)
at androidx.test.internal.runner.TestExecutor.execute(TestExecutor.java:56)
at androidx.test.runner.AndroidJUnitRunner.onStart(AndroidJUnitRunner.java:392)
at android.app.Instrumentation$InstrumentationThread.run(Unknown Source:47)
</failure>
  </testcase>
  <testcase name="ShareWebsiteTest" classname="org.mozilla.focus.activity.ShareWebsiteTest" time="0.028">
    <skipped>org.junit.AssumptionViolatedException: got: &lt;false&gt;, expected: is &lt;true&gt;
at org.junit.Assume.assumeThat(Assume.java:95)
at org.junit.Assume.assumeTrue(Assume.java:41)
at org.mozilla.focus.activity.ShareWebsiteTest$1.beforeActivityLaunched(ShareWebsiteTest.java:54)
at androidx.test.rule.ActivityTestRule.launchActivity(ActivityTestRule.java:355)
at androidx.test.rule.ActivityTestRule$ActivityStatement.evaluate(ActivityTestRule.java:529)
at org.junit.rules.RunRules.evaluate(RunRules.java:20)
at org.junit.runners.ParentRunner.runLeaf(ParentRunner.java:325)
at org.junit.runners.BlockJUnit4ClassRunner.runChild(BlockJUnit4ClassRunner.java:78)
at org.junit.runners.BlockJUnit4ClassRunner.runChild(BlockJUnit4ClassRunner.java:57)
at org.junit.runners.ParentRunner$3.run(ParentRunner.java:290)
at org.junit.runners.ParentRunner$1.schedule(ParentRunner.java:71)
at org.junit.runners.ParentRunner.runChildren(ParentRunner.java:288)
at org.junit.runners.ParentRunner.access$000(ParentRunner.java:58)
at org.junit.runners.ParentRunner$2.evaluate(ParentRunner.java:268)
at org.junit.runners.ParentRunner.run(ParentRunner.java:363)
at androidx.test.runner.AndroidJUnit4.run(AndroidJUnit4.java:104)
at org.junit.runners.Suite.runChild(Suite.java:128)
at org.junit.runners.Suite.runChild(Suite.java:27)
at org.junit.runners.ParentRunner$3.run(ParentRunner.java:290)
at org.junit.runners.ParentRunner$1.schedule(ParentRunner.java:71)
at org.junit.runners.ParentRunner.runChildren(ParentRunner.java:288)
at org.junit.runners.ParentRunner.access$000(ParentRunner.java:58)
at org.junit.runners.ParentRunner$2.evaluate(ParentRunner.java:268)
at org.junit.runners.ParentRunner.run(ParentRunner.java:363)
at org.junit.runner.JUnitCore.run(JUnitCore.java:137)
at org.junit.runner.JUnitCore.run(JUnitCore.java:115)
at androidx.test.internal.runner.TestExecutor.execute(TestExecutor.java:56)
at androidx.test.runner.AndroidJUnitRunner.onStart(AndroidJUnitRunner.java:392)
at android.app.Instrumentation$InstrumentationThread.run(Unknown Source:47)
</skipped>
  </testcase>
  <testcase name="settingsToFocus" classname="org.mozilla.focus.activity.SwitchContextTest" time="0.002">
    <skipped>org.junit.AssumptionViolatedException: got: &lt;false&gt;, expected: is &lt;true&gt;
at org.junit.Assume.assumeThat(Assume.java:95)
at org.junit.Assume.assumeTrue(Assume.java:41)
at org.mozilla.focus.activity.SwitchContextTest$1.beforeActivityLaunched(SwitchContextTest.java:57)
at androidx.test.rule.ActivityTestRule.launchActivity(ActivityTestRule.java:355)
at androidx.test.rule.ActivityTestRule$ActivityStatement.evaluate(ActivityTestRule.java:529)
at org.junit.rules.RunRules.evaluate(RunRules.java:20)
at org.junit.runners.ParentRunner.runLeaf(ParentRunner.java:325)
at org.junit.runners.BlockJUnit4ClassRunner.runChild(BlockJUnit4ClassRunner.java:78)
at org.junit.runners.BlockJUnit4ClassRunner.runChild(BlockJUnit4ClassRunner.java:57)
at org.junit.runners.ParentRunner$3.run(ParentRunner.java:290)
at org.junit.runners.ParentRunner$1.schedule(ParentRunner.java:71)
at org.junit.runners.ParentRunner.runChildren(ParentRunner.java:288)
at org.junit.runners.ParentRunner.access$000(ParentRunner.java:58)
at org.junit.runners.ParentRunner$2.evaluate(ParentRunner.java:268)
at org.junit.runners.ParentRunner.run(ParentRunner.java:363)
at androidx.test.runner.AndroidJUnit4.run(AndroidJUnit4.java:104)
at org.junit.runners.Suite.runChild(Suite.java:128)
at org.junit.runners.Suite.runChild(Suite.java:27)
at org.junit.runners.ParentRunner$3.run(ParentRunner.java:290)
at org.junit.runners.ParentRunner$1.schedule(ParentRunner.java:71)
at org.junit.runners.ParentRunner.runChildren(ParentRunner.java:288)
at org.junit.runners.ParentRunner.access$000(ParentRunner.java:58)
at org.junit.runners.ParentRunner$2.evaluate(ParentRunner.java:268)
at org.junit.runners.ParentRunner.run(ParentRunner.java:363)
at org.junit.runner.JUnitCore.run(JUnitCore.java:137)
at org.junit.runner.JUnitCore.run(JUnitCore.java:115)
at androidx.test.internal.runner.TestExecutor.execute(TestExecutor.java:56)
at androidx.test.runner.AndroidJUnitRunner.onStart(AndroidJUnitRunner.java:392)
at android.app.Instrumentation$InstrumentationThread.run(Unknown Source:47)
</skipped>
  </testcase>
  <testcase name="ForegroundTest" classname="org.mozilla.focus.activity.SwitchContextTest" time="0.002">
    <skipped>org.junit.AssumptionViolatedException: got: &lt;false&gt;, expected: is &lt;true&gt;
at org.junit.Assume.assumeThat(Assume.java:95)
at org.junit.Assume.assumeTrue(Assume.java:41)
at org.mozilla.focus.activity.SwitchContextTest$1.beforeActivityLaunched(SwitchContextTest.java:57)
at androidx.test.rule.ActivityTestRule.launchActivity(ActivityTestRule.java:355)
at androidx.test.rule.ActivityTestRule$ActivityStatement.evaluate(ActivityTestRule.java:529)
at org.junit.rules.RunRules.evaluate(RunRules.java:20)
at org.junit.runners.ParentRunner.runLeaf(ParentRunner.java:325)
at org.junit.runners.BlockJUnit4ClassRunner.runChild(BlockJUnit4ClassRunner.java:78)
at org.junit.runners.BlockJUnit4ClassRunner.runChild(BlockJUnit4ClassRunner.java:57)
at org.junit.runners.ParentRunner$3.run(ParentRunner.java:290)
at org.junit.runners.ParentRunner$1.schedule(ParentRunner.java:71)
at org.junit.runners.ParentRunner.runChildren(ParentRunner.java:288)
at org.junit.runners.ParentRunner.access$000(ParentRunner.java:58)
at org.junit.runners.ParentRunner$2.evaluate(ParentRunner.java:268)
at org.junit.runners.ParentRunner.run(ParentRunner.java:363)
at androidx.test.runner.AndroidJUnit4.run(AndroidJUnit4.java:104)
at org.junit.runners.Suite.runChild(Suite.java:128)
at org.junit.runners.Suite.runChild(Suite.java:27)
at org.junit.runners.ParentRunner$3.run(ParentRunner.java:290)
at org.junit.runners.ParentRunner$1.schedule(ParentRunner.java:71)
at org.junit.runners.ParentRunner.runChildren(ParentRunner.java:288)
at org.junit.runners.ParentRunner.access$000(ParentRunner.java:58)
at org.junit.runners.ParentRunner$2.evaluate(ParentRunner.java:268)
at org.junit.runners.ParentRunner.run(ParentRunner.java:363)
at org.junit.runner.JUnitCore.run(JUnitCore.java:137)
at org.junit.runner.JUnitCore.run(JUnitCore.java:115)
at androidx.test.internal.runner.TestExecutor.execute(TestExecutor.java:56)
at androidx.test.runner.AndroidJUnitRunner.onStart(AndroidJUnitRunner.java:392)
at android.app.Instrumentation$InstrumentationThread.run(Unknown Source:47)
</skipped>
  </testcase>
  <testcase name="eraseAndOpenTest" classname="org.mozilla.focus.activity.SwitchContextTest" time="0.002">
    <skipped>org.junit.AssumptionViolatedException: got: &lt;false&gt;, expected: is &lt;true&gt;
at org.junit.Assume.assumeThat(Assume.java:95)
at org.junit.Assume.assumeTrue(Assume.java:41)
at org.mozilla.focus.activity.SwitchContextTest$1.beforeActivityLaunched(SwitchContextTest.java:57)
at androidx.test.rule.ActivityTestRule.launchActivity(ActivityTestRule.java:355)
at androidx.test.rule.ActivityTestRule$ActivityStatement.evaluate(ActivityTestRule.java:529)
at org.junit.rules.RunRules.evaluate(RunRules.java:20)
at org.junit.runners.ParentRunner.runLeaf(ParentRunner.java:325)
at org.junit.runners.BlockJUnit4ClassRunner.runChild(BlockJUnit4ClassRunner.java:78)
at org.junit.runners.BlockJUnit4ClassRunner.runChild(BlockJUnit4ClassRunner.java:57)
at org.junit.runners.ParentRunner$3.run(ParentRunner.java:290)
at org.junit.runners.ParentRunner$1.schedule(ParentRunner.java:71)
at org.junit.runners.ParentRunner.runChildren(ParentRunner.java:288)
at org.junit.runners.ParentRunner.access$000(ParentRunner.java:58)
at org.junit.runners.ParentRunner$2.evaluate(ParentRunner.java:268)
at org.junit.runners.ParentRunner.run(ParentRunner.java:363)
at androidx.test.runner.AndroidJUnit4.run(AndroidJUnit4.java:104)
at org.junit.runners.Suite.runChild(Suite.java:128)
at org.junit.runners.Suite.runChild(Suite.java:27)
at org.junit.runners.ParentRunner$3.run(ParentRunner.java:290)
at org.junit.runners.ParentRunner$1.schedule(ParentRunner.java:71)
at org.junit.runners.ParentRunner.runChildren(ParentRunner.java:288)
at org.junit.runners.ParentRunner.access$000(ParentRunner.java:58)
at org.junit.runners.ParentRunner$2.evaluate(ParentRunner.java:268)
at org.junit.runners.ParentRunner.run(ParentRunner.java:363)
at org.junit.runner.JUnitCore.run(JUnitCore.java:137)
at org.junit.runner.JUnitCore.run(JUnitCore.java:115)
at androidx.test.internal.runner.TestExecutor.execute(TestExecutor.java:56)
at androidx.test.runner.AndroidJUnitRunner.onStart(AndroidJUnitRunner.java:392)
at android.app.Instrumentation$InstrumentationThread.run(Unknown Source:47)
</skipped>
  </testcase>
  <testcase name="FrenchLocaleTest" classname="org.mozilla.focus.activity.SwitchLocaleTest" time="45.014">
    <failure>java.lang.RuntimeException: Could not launch intent Intent { act=android.intent.action.MAIN flg=0x10000000 cmp=org.mozilla.focus.debug/org.mozilla.focus.activity.MainActivity } within 45 seconds. Perhaps the main thread has not gone idle within a reasonable amount of time? There could be an animation or something constantly repainting the screen. Or the activity is doing network calls on creation? See the threaddump logs. For your reference the last time the event queue was idle before your activity launch request was 1579463883738 and now the last time the queue went idle was: 1579463892377. If these numbers are the same your activity might be hogging the event queue.
at androidx.test.runner.MonitoringInstrumentation.startActivitySync(MonitoringInstrumentation.java:481)
at androidx.test.rule.ActivityTestRule.launchActivity(ActivityTestRule.java:358)
at androidx.test.rule.ActivityTestRule$ActivityStatement.evaluate(ActivityTestRule.java:529)
at org.junit.rules.TestWatcher$1.evaluate(TestWatcher.java:55)
at org.junit.rules.RunRules.evaluate(RunRules.java:20)
at org.junit.runners.ParentRunner.runLeaf(ParentRunner.java:325)
at org.junit.runners.BlockJUnit4ClassRunner.runChild(BlockJUnit4ClassRunner.java:78)
at org.junit.runners.BlockJUnit4ClassRunner.runChild(BlockJUnit4ClassRunner.java:57)
at org.junit.runners.ParentRunner$3.run(ParentRunner.java:290)
at org.junit.runners.ParentRunner$1.schedule(ParentRunner.java:71)
at org.junit.runners.ParentRunner.runChildren(ParentRunner.java:288)
at org.junit.runners.ParentRunner.access$000(ParentRunner.java:58)
at org.junit.runners.ParentRunner$2.evaluate(ParentRunner.java:268)
at org.junit.runners.ParentRunner.run(ParentRunner.java:363)
at androidx.test.runner.AndroidJUnit4.run(AndroidJUnit4.java:104)
at org.junit.runners.Suite.runChild(Suite.java:128)
at org.junit.runners.Suite.runChild(Suite.java:27)
at org.junit.runners.ParentRunner$3.run(ParentRunner.java:290)
at org.junit.runners.ParentRunner$1.schedule(ParentRunner.java:71)
at org.junit.runners.ParentRunner.runChildren(ParentRunner.java:288)
at org.junit.runners.ParentRunner.access$000(ParentRunner.java:58)
at org.junit.runners.ParentRunner$2.evaluate(ParentRunner.java:268)
at org.junit.runners.ParentRunner.run(ParentRunner.java:363)
at org.junit.runner.JUnitCore.run(JUnitCore.java:137)
at org.junit.runner.JUnitCore.run(JUnitCore.java:115)
at androidx.test.internal.runner.TestExecutor.execute(TestExecutor.java:56)
at androidx.test.runner.AndroidJUnitRunner.onStart(AndroidJUnitRunner.java:392)
at android.app.Instrumentation$InstrumentationThread.run(Unknown Source:47)
</failure>
  </testcase>
  <testcase name="EnglishSystemLocaleTest" classname="org.mozilla.focus.activity.SwitchLocaleTest" time="45.044">
    <failure>java.lang.RuntimeException: Could not launch intent Intent { act=android.intent.action.MAIN flg=0x10000000 cmp=org.mozilla.focus.debug/org.mozilla.focus.activity.MainActivity } within 45 seconds. Perhaps the main thread has not gone idle within a reasonable amount of time? There could be an animation or something constantly repainting the screen. Or the activity is doing network calls on creation? See the threaddump logs. For your reference the last time the event queue was idle before your activity launch request was 1579463928807 and now the last time the queue went idle was: 1579463973083. If these numbers are the same your activity might be hogging the event queue.
at androidx.test.runner.MonitoringInstrumentation.startActivitySync(MonitoringInstrumentation.java:481)
at androidx.test.rule.ActivityTestRule.launchActivity(ActivityTestRule.java:358)
at androidx.test.rule.ActivityTestRule$ActivityStatement.evaluate(ActivityTestRule.java:529)
at org.junit.rules.TestWatcher$1.evaluate(TestWatcher.java:55)
at org.junit.rules.RunRules.evaluate(RunRules.java:20)
at org.junit.runners.ParentRunner.runLeaf(ParentRunner.java:325)
at org.junit.runners.BlockJUnit4ClassRunner.runChild(BlockJUnit4ClassRunner.java:78)
at org.junit.runners.BlockJUnit4ClassRunner.runChild(BlockJUnit4ClassRunner.java:57)
at org.junit.runners.ParentRunner$3.run(ParentRunner.java:290)
at org.junit.runners.ParentRunner$1.schedule(ParentRunner.java:71)
at org.junit.runners.ParentRunner.runChildren(ParentRunner.java:288)
at org.junit.runners.ParentRunner.access$000(ParentRunner.java:58)
at org.junit.runners.ParentRunner$2.evaluate(ParentRunner.java:268)
at org.junit.runners.ParentRunner.run(ParentRunner.java:363)
at androidx.test.runner.AndroidJUnit4.run(AndroidJUnit4.java:104)
at org.junit.runners.Suite.runChild(Suite.java:128)
at org.junit.runners.Suite.runChild(Suite.java:27)
at org.junit.runners.ParentRunner$3.run(ParentRunner.java:290)
at org.junit.runners.ParentRunner$1.schedule(ParentRunner.java:71)
at org.junit.runners.ParentRunner.runChildren(ParentRunner.java:288)
at org.junit.runners.ParentRunner.access$000(ParentRunner.java:58)
at org.junit.runners.ParentRunner$2.evaluate(ParentRunner.java:268)
at org.junit.runners.ParentRunner.run(ParentRunner.java:363)
at org.junit.runner.JUnitCore.run(JUnitCore.java:137)
at org.junit.runner.JUnitCore.run(JUnitCore.java:115)
at androidx.test.internal.runner.TestExecutor.execute(TestExecutor.java:56)
at androidx.test.runner.AndroidJUnitRunner.onStart(AndroidJUnitRunner.java:392)
at android.app.Instrumentation$InstrumentationThread.run(Unknown Source:47)
</failure>
  </testcase>
  <testcase name="SimpleToggleTest" classname="org.mozilla.focus.activity.ToggleBlockTest" time="45.075">
    <failure>java.lang.RuntimeException: Could not launch intent Intent { act=android.intent.action.MAIN flg=0x10000000 cmp=org.mozilla.focus.debug/org.mozilla.focus.activity.MainActivity } within 45 seconds. Perhaps the main thread has not gone idle within a reasonable amount of time? There could be an animation or something constantly repainting the screen. Or the activity is doing network calls on creation? See the threaddump logs. For your reference the last time the event queue was idle before your activity launch request was 1579463973863 and now the last time the queue went idle was: 1579463978882. If these numbers are the same your activity might be hogging the event queue.
at androidx.test.runner.MonitoringInstrumentation.startActivitySync(MonitoringInstrumentation.java:481)
at androidx.test.rule.ActivityTestRule.launchActivity(ActivityTestRule.java:358)
at androidx.test.rule.ActivityTestRule$ActivityStatement.evaluate(ActivityTestRule.java:529)
at org.junit.rules.RunRules.evaluate(RunRules.java:20)
at org.junit.runners.ParentRunner.runLeaf(ParentRunner.java:325)
at org.junit.runners.BlockJUnit4ClassRunner.runChild(BlockJUnit4ClassRunner.java:78)
at org.junit.runners.BlockJUnit4ClassRunner.runChild(BlockJUnit4ClassRunner.java:57)
at org.junit.runners.ParentRunner$3.run(ParentRunner.java:290)
at org.junit.runners.ParentRunner$1.schedule(ParentRunner.java:71)
at org.junit.runners.ParentRunner.runChildren(ParentRunner.java:288)
at org.junit.runners.ParentRunner.access$000(ParentRunner.java:58)
at org.junit.runners.ParentRunner$2.evaluate(ParentRunner.java:268)
at org.junit.runners.ParentRunner.run(ParentRunner.java:363)
at androidx.test.runner.AndroidJUnit4.run(AndroidJUnit4.java:104)
at org.junit.runners.Suite.runChild(Suite.java:128)
at org.junit.runners.Suite.runChild(Suite.java:27)
at org.junit.runners.ParentRunner$3.run(ParentRunner.java:290)
at org.junit.runners.ParentRunner$1.schedule(ParentRunner.java:71)
at org.junit.runners.ParentRunner.runChildren(ParentRunner.java:288)
at org.junit.runners.ParentRunner.access$000(ParentRunner.java:58)
at org.junit.runners.ParentRunner$2.evaluate(ParentRunner.java:268)
at org.junit.runners.ParentRunner.run(ParentRunner.java:363)
at org.junit.runner.JUnitCore.run(JUnitCore.java:137)
at org.junit.runner.JUnitCore.run(JUnitCore.java:115)
at androidx.test.internal.runner.TestExecutor.execute(TestExecutor.java:56)
at androidx.test.runner.AndroidJUnitRunner.onStart(AndroidJUnitRunner.java:392)
at android.app.Instrumentation$InstrumentationThread.run(Unknown Source:47)
</failure>
  </testcase>
  <testcase name="CustomCompletionTest" classname="org.mozilla.focus.activity.URLAutocompleteTest" time="0.001">
    <skipped />
  </testcase>
  <testcase name="DuplicateACSiteTest" classname="org.mozilla.focus.activity.URLAutocompleteTest" time="0.002">
    <skipped />
  </testcase>
  <testcase name="DisableCCwithSiteTest" classname="org.mozilla.focus.activity.URLAutocompleteTest" time="0.002">
    <skipped />
  </testcase>
  <testcase name="CompletionTest" classname="org.mozilla.focus.activity.URLAutocompleteTest" time="45.057">
    <failure>java.lang.RuntimeException: Could not launch intent Intent { act=android.intent.action.MAIN flg=0x10000000 cmp=org.mozilla.focus.debug/org.mozilla.focus.activity.MainActivity } within 45 seconds. Perhaps the main thread has not gone idle within a reasonable amount of time? There could be an animation or something constantly repainting the screen. Or the activity is doing network calls on creation? See the threaddump logs. For your reference the last time the event queue was idle before your activity launch request was 1579464018968 and now the last time the queue went idle was: 1579464056252. If these numbers are the same your activity might be hogging the event queue.
at androidx.test.runner.MonitoringInstrumentation.startActivitySync(MonitoringInstrumentation.java:481)
at androidx.test.rule.ActivityTestRule.launchActivity(ActivityTestRule.java:358)
at androidx.test.rule.ActivityTestRule$ActivityStatement.evaluate(ActivityTestRule.java:529)
at org.junit.rules.RunRules.evaluate(RunRules.java:20)
at org.junit.runners.ParentRunner.runLeaf(ParentRunner.java:325)
at org.junit.runners.BlockJUnit4ClassRunner.runChild(BlockJUnit4ClassRunner.java:78)
at org.junit.runners.BlockJUnit4ClassRunner.runChild(BlockJUnit4ClassRunner.java:57)
at org.junit.runners.ParentRunner$3.run(ParentRunner.java:290)
at org.junit.runners.ParentRunner$1.schedule(ParentRunner.java:71)
at org.junit.runners.ParentRunner.runChildren(ParentRunner.java:288)
at org.junit.runners.ParentRunner.access$000(ParentRunner.java:58)
at org.junit.runners.ParentRunner$2.evaluate(ParentRunner.java:268)
at org.junit.runners.ParentRunner.run(ParentRunner.java:363)
at androidx.test.runner.AndroidJUnit4.run(AndroidJUnit4.java:104)
at org.junit.runners.Suite.runChild(Suite.java:128)
at org.junit.runners.Suite.runChild(Suite.java:27)
at org.junit.runners.ParentRunner$3.run(ParentRunner.java:290)
at org.junit.runners.ParentRunner$1.schedule(ParentRunner.java:71)
at org.junit.runners.ParentRunner.runChildren(ParentRunner.java:288)
at org.junit.runners.ParentRunner.access$000(ParentRunner.java:58)
at org.junit.runners.ParentRunner$2.evaluate(ParentRunner.java:268)
at org.junit.runners.ParentRunner.run(ParentRunner.java:363)
at org.junit.runner.JUnitCore.run(JUnitCore.java:137)
at org.junit.runner.JUnitCore.run(JUnitCore.java:115)
at androidx.test.internal.runner.TestExecutor.execute(TestExecutor.java:56)
at androidx.test.runner.AndroidJUnitRunner.onStart(AndroidJUnitRunner.java:392)
at android.app.Instrumentation$InstrumentationThread.run(Unknown Source:47)
</failure>
  </testcase>
  <testcase name="removeAllExceptionsTest" classname="org.mozilla.focus.activity.URLExceptionTest" time="45.062">
    <failure>java.lang.RuntimeException: Could not launch intent Intent { act=android.intent.action.MAIN flg=0x10000000 cmp=org.mozilla.focus.debug/org.mozilla.focus.activity.MainActivity } within 45 seconds. Perhaps the main thread has not gone idle within a reasonable amount of time? There could be an animation or something constantly repainting the screen. Or the activity is doing network calls on creation? See the threaddump logs. For your reference the last time the event queue was idle before your activity launch request was 1579464064025 and now the last time the queue went idle was: 1579464089250. If these numbers are the same your activity might be hogging the event queue.
at androidx.test.runner.MonitoringInstrumentation.startActivitySync(MonitoringInstrumentation.java:481)
at androidx.test.rule.ActivityTestRule.launchActivity(ActivityTestRule.java:358)
at androidx.test.rule.ActivityTestRule$ActivityStatement.evaluate(ActivityTestRule.java:529)
at org.junit.rules.RunRules.evaluate(RunRules.java:20)
at org.junit.runners.ParentRunner.runLeaf(ParentRunner.java:325)
at org.junit.runners.BlockJUnit4ClassRunner.runChild(BlockJUnit4ClassRunner.java:78)
at org.junit.runners.BlockJUnit4ClassRunner.runChild(BlockJUnit4ClassRunner.java:57)
at org.junit.runners.ParentRunner$3.run(ParentRunner.java:290)
at org.junit.runners.ParentRunner$1.schedule(ParentRunner.java:71)
at org.junit.runners.ParentRunner.runChildren(ParentRunner.java:288)
at org.junit.runners.ParentRunner.access$000(ParentRunner.java:58)
at org.junit.runners.ParentRunner$2.evaluate(ParentRunner.java:268)
at org.junit.runners.ParentRunner.run(ParentRunner.java:363)
at androidx.test.runner.AndroidJUnit4.run(AndroidJUnit4.java:104)
at org.junit.runners.Suite.runChild(Suite.java:128)
at org.junit.runners.Suite.runChild(Suite.java:27)
at org.junit.runners.ParentRunner$3.run(ParentRunner.java:290)
at org.junit.runners.ParentRunner$1.schedule(ParentRunner.java:71)
at org.junit.runners.ParentRunner.runChildren(ParentRunner.java:288)
at org.junit.runners.ParentRunner.access$000(ParentRunner.java:58)
at org.junit.runners.ParentRunner$2.evaluate(ParentRunner.java:268)
at org.junit.runners.ParentRunner.run(ParentRunner.java:363)
at org.junit.runner.JUnitCore.run(JUnitCore.java:137)
at org.junit.runner.JUnitCore.run(JUnitCore.java:115)
at androidx.test.internal.runner.TestExecutor.execute(TestExecutor.java:56)
at androidx.test.runner.AndroidJUnitRunner.onStart(AndroidJUnitRunner.java:392)
at android.app.Instrumentation$InstrumentationThread.run(Unknown Source:47)
</failure>
  </testcase>
  <testcase name="AddAndRemoveExceptionTest" classname="org.mozilla.focus.activity.URLExceptionTest" time="45.037">
    <failure>java.lang.RuntimeException: Could not launch intent Intent { act=android.intent.action.MAIN flg=0x10000000 cmp=org.mozilla.focus.debug/org.mozilla.focus.activity.MainActivity } within 45 seconds. Perhaps the main thread has not gone idle within a reasonable amount of time? There could be an animation or something constantly repainting the screen. Or the activity is doing network calls on creation? See the threaddump logs. For your reference the last time the event queue was idle before your activity launch request was 1579464109081 and now the last time the queue went idle was: 1579464109081. If these numbers are the same your activity might be hogging the event queue.
at androidx.test.runner.MonitoringInstrumentation.startActivitySync(MonitoringInstrumentation.java:481)
at androidx.test.rule.ActivityTestRule.launchActivity(ActivityTestRule.java:358)
at androidx.test.rule.ActivityTestRule$ActivityStatement.evaluate(ActivityTestRule.java:529)
at org.junit.rules.RunRules.evaluate(RunRules.java:20)
at org.junit.runners.ParentRunner.runLeaf(ParentRunner.java:325)
at org.junit.runners.BlockJUnit4ClassRunner.runChild(BlockJUnit4ClassRunner.java:78)
at org.junit.runners.BlockJUnit4ClassRunner.runChild(BlockJUnit4ClassRunner.java:57)
at org.junit.runners.ParentRunner$3.run(ParentRunner.java:290)
at org.junit.runners.ParentRunner$1.schedule(ParentRunner.java:71)
at org.junit.runners.ParentRunner.runChildren(ParentRunner.java:288)
at org.junit.runners.ParentRunner.access$000(ParentRunner.java:58)
at org.junit.runners.ParentRunner$2.evaluate(ParentRunner.java:268)
at org.junit.runners.ParentRunner.run(ParentRunner.java:363)
at androidx.test.runner.AndroidJUnit4.run(AndroidJUnit4.java:104)
at org.junit.runners.Suite.runChild(Suite.java:128)
at org.junit.runners.Suite.runChild(Suite.java:27)
at org.junit.runners.ParentRunner$3.run(ParentRunner.java:290)
at org.junit.runners.ParentRunner$1.schedule(ParentRunner.java:71)
at org.junit.runners.ParentRunner.runChildren(ParentRunner.java:288)
at org.junit.runners.ParentRunner.access$000(ParentRunner.java:58)
at org.junit.runners.ParentRunner$2.evaluate(ParentRunner.java:268)
at org.junit.runners.ParentRunner.run(ParentRunner.java:363)
at org.junit.runner.JUnitCore.run(JUnitCore.java:137)
at org.junit.runner.JUnitCore.run(JUnitCore.java:115)
at androidx.test.internal.runner.TestExecutor.execute(TestExecutor.java:56)
at androidx.test.runner.AndroidJUnitRunner.onStart(AndroidJUnitRunner.java:392)
at android.app.Instrumentation$InstrumentationThread.run(Unknown Source:47)
</failure>
  </testcase>
  <testcase name="MismatchTest" classname="org.mozilla.focus.activity.URLMismatchTest" time="45.08">
    <failure>java.lang.RuntimeException: Could not launch intent Intent { act=android.intent.action.MAIN flg=0x10000000 cmp=org.mozilla.focus.debug/org.mozilla.focus.activity.MainActivity } within 45 seconds. Perhaps the main thread has not gone idle within a reasonable amount of time? There could be an animation or something constantly repainting the screen. Or the activity is doing network calls on creation? See the threaddump logs. For your reference the last time the event queue was idle before your activity launch request was 1579464154145 and now the last time the queue went idle was: 1579464154145. If these numbers are the same your activity might be hogging the event queue.
at androidx.test.runner.MonitoringInstrumentation.startActivitySync(MonitoringInstrumentation.java:481)
at androidx.test.rule.ActivityTestRule.launchActivity(ActivityTestRule.java:358)
at androidx.test.rule.ActivityTestRule$ActivityStatement.evaluate(ActivityTestRule.java:529)
at org.junit.rules.RunRules.evaluate(RunRules.java:20)
at org.junit.runners.ParentRunner.runLeaf(ParentRunner.java:325)
at org.junit.runners.BlockJUnit4ClassRunner.runChild(BlockJUnit4ClassRunner.java:78)
at org.junit.runners.BlockJUnit4ClassRunner.runChild(BlockJUnit4ClassRunner.java:57)
at org.junit.runners.ParentRunner$3.run(ParentRunner.java:290)
at org.junit.runners.ParentRunner$1.schedule(ParentRunner.java:71)
at org.junit.runners.ParentRunner.runChildren(ParentRunner.java:288)
at org.junit.runners.ParentRunner.access$000(ParentRunner.java:58)
at org.junit.runners.ParentRunner$2.evaluate(ParentRunner.java:268)
at org.junit.runners.ParentRunner.run(ParentRunner.java:363)
at androidx.test.runner.AndroidJUnit4.run(AndroidJUnit4.java:104)
at org.junit.runners.Suite.runChild(Suite.java:128)
at org.junit.runners.Suite.runChild(Suite.java:27)
at org.junit.runners.ParentRunner$3.run(ParentRunner.java:290)
at org.junit.runners.ParentRunner$1.schedule(ParentRunner.java:71)
at org.junit.runners.ParentRunner.runChildren(ParentRunner.java:288)
at org.junit.runners.ParentRunner.access$000(ParentRunner.java:58)
at org.junit.runners.ParentRunner$2.evaluate(ParentRunner.java:268)
at org.junit.runners.ParentRunner.run(ParentRunner.java:363)
at org.junit.runner.JUnitCore.run(JUnitCore.java:137)
at org.junit.runner.JUnitCore.run(JUnitCore.java:115)
at androidx.test.internal.runner.TestExecutor.execute(TestExecutor.java:56)
at androidx.test.runner.AndroidJUnitRunner.onStart(AndroidJUnitRunner.java:392)
at android.app.Instrumentation$InstrumentationThread.run(Unknown Source:47)
</failure>
  </testcase>
  <testcase name="testLocalAndSessionStorageIsWrittenAndRemoved" classname="org.mozilla.focus.privacy.LocalSessionStorageTest" time="0.01">
    <skipped>org.junit.AssumptionViolatedException: got: &lt;false&gt;, expected: is &lt;true&gt;
at org.junit.Assume.assumeThat(Assume.java:95)
at org.junit.Assume.assumeTrue(Assume.java:41)
at org.mozilla.focus.privacy.LocalSessionStorageTest$1.beforeActivityLaunched(LocalSessionStorageTest.java:58)
at androidx.test.rule.ActivityTestRule.launchActivity(ActivityTestRule.java:355)
at androidx.test.rule.ActivityTestRule$ActivityStatement.evaluate(ActivityTestRule.java:529)
at org.junit.rules.RunRules.evaluate(RunRules.java:20)
at org.junit.runners.ParentRunner.runLeaf(ParentRunner.java:325)
at org.junit.runners.BlockJUnit4ClassRunner.runChild(BlockJUnit4ClassRunner.java:78)
at org.junit.runners.BlockJUnit4ClassRunner.runChild(BlockJUnit4ClassRunner.java:57)
at org.junit.runners.ParentRunner$3.run(ParentRunner.java:290)
at org.junit.runners.ParentRunner$1.schedule(ParentRunner.java:71)
at org.junit.runners.ParentRunner.runChildren(ParentRunner.java:288)
at org.junit.runners.ParentRunner.access$000(ParentRunner.java:58)
[...]
at org.junit.runners.ParentRunner$1.schedule(ParentRunner.java:71)
at org.junit.runners.ParentRunner.runChildren(ParentRunner.java:288)
at org.junit.runners.ParentRunner.access$000(ParentRunner.java:58)
at org.junit.runners.ParentRunner$2.evaluate(ParentRunner.java:268)
at org.junit.runners.ParentRunner.run(ParentRunner.java:363)
at org.junit.runner.JUnitCore.run(JUnitCore.java:137)
at org.junit.runner.JUnitCore.run(JUnitCore.java:115)
at androidx.test.internal.runner.TestExecutor.execute(TestExecutor.java:56)
at androidx.test.runner.AndroidJUnitRunner.onStart(AndroidJUnitRunner.java:392)
at android.app.Instrumentation$InstrumentationThread.run(Unknown Source:47)
</skipped>
  </testcase>
  <testcase name="takeScreenshotsOfBrowsingScreen" classname="org.mozilla.focus.screenshots.BrowserScreenScreenshots" time="0.008">
    <skipped>org.junit.AssumptionViolatedException: got: &lt;false&gt;, expected: is &lt;true&gt;
at org.junit.Assume.assumeThat(Assume.java:95)
at org.junit.Assume.assumeTrue(Assume.java:41)
at org.mozilla.focus.screenshots.ScreenshotTest$1.beforeActivityLaunched(ScreenshotTest.java:42)
at androidx.test.rule.ActivityTestRule.launchActivity(ActivityTestRule.java:355)
at androidx.test.rule.ActivityTestRule$ActivityStatement.evaluate(ActivityTestRule.java:529)
at org.junit.rules.TestWatcher$1.evaluate(TestWatcher.java:55)
at org.junit.rules.RunRules.evaluate(RunRules.java:20)
at org.junit.runners.ParentRunner.runLeaf(ParentRunner.java:325)
at org.junit.runners.BlockJUnit4ClassRunner.runChild(BlockJUnit4ClassRunner.java:78)
at org.junit.runners.BlockJUnit4ClassRunner.runChild(BlockJUnit4ClassRunner.java:57)
at org.junit.runners.ParentRunner$3.run(ParentRunner.java:290)
at org.junit.runners.ParentRunner$1.schedule(ParentRunner.java:71)
at org.junit.runners.ParentRunner.runChildren(ParentRunner.java:288)
at org.junit.runners.ParentRunner.access$000(ParentRunner.java:58)
at org.junit.runners.ParentRunner$2.evaluate(ParentRunner.java:268)
at tools.fastlane.screengrab.locale.LocaleTestRule$1.evaluate(LocaleTestRule.java:32)
at org.junit.rules.RunRules.evaluate(RunRules.java:20)
at org.junit.runners.ParentRunner.run(ParentRunner.java:363)
at androidx.test.runner.AndroidJUnit4.run(AndroidJUnit4.java:104)
at org.junit.runners.Suite.runChild(Suite.java:128)
at org.junit.runners.Suite.runChild(Suite.java:27)
at org.junit.runners.ParentRunner$3.run(ParentRunner.java:290)
at org.junit.runners.ParentRunner$1.schedule(ParentRunner.java:71)
at org.junit.runners.ParentRunner.runChildren(ParentRunner.java:288)
at org.junit.runners.ParentRunner.access$000(ParentRunner.java:58)
at org.junit.runners.ParentRunner$2.evaluate(ParentRunner.java:268)
at org.junit.runners.ParentRunner.run(ParentRunner.java:363)
at org.junit.runner.JUnitCore.run(JUnitCore.java:137)
at org.junit.runner.JUnitCore.run(JUnitCore.java:115)
at androidx.test.internal.runner.TestExecutor.execute(TestExecutor.java:56)
at androidx.test.runner.AndroidJUnitRunner.onStart(AndroidJUnitRunner.java:392)
at android.app.Instrumentation$InstrumentationThread.run(Unknown Source:47)
</skipped>
  </testcase>
  <testcase name="takeScreenshotsOfErrorPages" classname="org.mozilla.focus.screenshots.ErrorPagesScreenshots" time="0.01">
    <skipped>org.junit.AssumptionViolatedException: got: &lt;false&gt;, expected: is &lt;true&gt;
at org.junit.Assume.assumeThat(Assume.java:95)
at org.junit.Assume.assumeTrue(Assume.java:41)
at org.mozilla.focus.screenshots.ScreenshotTest$1.beforeActivityLaunched(ScreenshotTest.java:42)
at androidx.test.rule.ActivityTestRule.launchActivity(ActivityTestRule.java:355)
at androidx.test.rule.ActivityTestRule$ActivityStatement.evaluate(ActivityTestRule.java:529)
at org.junit.rules.TestWatcher$1.evaluate(TestWatcher.java:55)
at org.junit.rules.RunRules.evaluate(RunRules.java:20)
at org.junit.runners.ParentRunner.runLeaf(ParentRunner.java:325)
at org.junit.runners.BlockJUnit4ClassRunner.runChild(BlockJUnit4ClassRunner.java:78)
at org.junit.runners.BlockJUnit4ClassRunner.runChild(BlockJUnit4ClassRunner.java:57)
at org.junit.runners.ParentRunner$3.run(ParentRunner.java:290)
at org.junit.runners.ParentRunner$1.schedule(ParentRunner.java:71)
at org.junit.runners.ParentRunner.runChildren(ParentRunner.java:288)
at org.junit.runners.ParentRunner.access$000(ParentRunner.java:58)
at org.junit.runners.ParentRunner$2.evaluate(ParentRunner.java:268)
at tools.fastlane.screengrab.locale.LocaleTestRule$1.evaluate(LocaleTestRule.java:32)
at org.junit.rules.RunRules.evaluate(RunRules.java:20)
at org.junit.runners.ParentRunner.run(ParentRunner.java:363)
at androidx.test.runner.AndroidJUnit4.run(AndroidJUnit4.java:104)
at org.junit.runners.Suite.runChild(Suite.java:128)
at org.junit.runners.Suite.runChild(Suite.java:27)
at org.junit.runners.ParentRunner$3.run(ParentRunner.java:290)
at org.junit.runners.ParentRunner$1.schedule(ParentRunner.java:71)
at org.junit.runners.ParentRunner.runChildren(ParentRunner.java:288)
at org.junit.runners.ParentRunner.access$000(ParentRunner.java:58)
at org.junit.runners.ParentRunner$2.evaluate(ParentRunner.java:268)
at org.junit.runners.ParentRunner.run(ParentRunner.java:363)
at org.junit.runner.JUnitCore.run(JUnitCore.java:137)
at org.junit.runner.JUnitCore.run(JUnitCore.java:115)
at androidx.test.internal.runner.TestExecutor.execute(TestExecutor.java:56)
at androidx.test.runner.AndroidJUnitRunner.onStart(AndroidJUnitRunner.java:392)
at android.app.Instrumentation$InstrumentationThread.run(Unknown Source:47)
</skipped>
  </testcase>
  <testcase name="takeScreenshotsOfFirstrun" classname="org.mozilla.focus.screenshots.FirstRunScreenshots" time="0.007">
    <skipped>org.junit.AssumptionViolatedException: got: &lt;false&gt;, expected: is &lt;true&gt;
at org.junit.Assume.assumeThat(Assume.java:95)
at org.junit.Assume.assumeTrue(Assume.java:41)
at org.mozilla.focus.screenshots.FirstRunScreenshots$1.beforeActivityLaunched(FirstRunScreenshots.java:41)
at androidx.test.rule.ActivityTestRule.launchActivity(ActivityTestRule.java:355)
at androidx.test.rule.ActivityTestRule$ActivityStatement.evaluate(ActivityTestRule.java:529)
at org.junit.rules.TestWatcher$1.evaluate(TestWatcher.java:55)
at org.junit.rules.RunRules.evaluate(RunRules.java:20)
at org.junit.runners.ParentRunner.runLeaf(ParentRunner.java:325)
at org.junit.runners.BlockJUnit4ClassRunner.runChild(BlockJUnit4ClassRunner.java:78)
at org.junit.runners.BlockJUnit4ClassRunner.runChild(BlockJUnit4ClassRunner.java:57)
at org.junit.runners.ParentRunner$3.run(ParentRunner.java:290)
at org.junit.runners.ParentRunner$1.schedule(ParentRunner.java:71)
at org.junit.runners.ParentRunner.runChildren(ParentRunner.java:288)
at org.junit.runners.ParentRunner.access$000(ParentRunner.java:58)
at org.junit.runners.ParentRunner$2.evaluate(ParentRunner.java:268)
at tools.fastlane.screengrab.locale.LocaleTestRule$1.evaluate(LocaleTestRule.java:32)
at org.junit.rules.RunRules.evaluate(RunRules.java:20)
at org.junit.runners.ParentRunner.run(ParentRunner.java:363)
at androidx.test.runner.AndroidJUnit4.run(AndroidJUnit4.java:104)
at org.junit.runners.Suite.runChild(Suite.java:128)
at org.junit.runners.Suite.runChild(Suite.java:27)
at org.junit.runners.ParentRunner$3.run(ParentRunner.java:290)
at org.junit.runners.ParentRunner$1.schedule(ParentRunner.java:71)
at org.junit.runners.ParentRunner.runChildren(ParentRunner.java:288)
at org.junit.runners.ParentRunner.access$000(ParentRunner.java:58)
at org.junit.runners.ParentRunner$2.evaluate(ParentRunner.java:268)
at org.junit.runners.ParentRunner.run(ParentRunner.java:363)
at org.junit.runner.JUnitCore.run(JUnitCore.java:137)
at org.junit.runner.JUnitCore.run(JUnitCore.java:115)
at androidx.test.internal.runner.TestExecutor.execute(TestExecutor.java:56)
at androidx.test.runner.AndroidJUnitRunner.onStart(AndroidJUnitRunner.java:392)
at android.app.Instrumentation$InstrumentationThread.run(Unknown Source:47)
</skipped>
  </testcase>
  <testcase name="takeScreenshotOfHomeScreen" classname="org.mozilla.focus.screenshots.HomeScreenScreenshots" time="0.003">
    <skipped>org.junit.AssumptionViolatedException: got: &lt;false&gt;, expected: is &lt;true&gt;
at org.junit.Assume.assumeThat(Assume.java:95)
at org.junit.Assume.assumeTrue(Assume.java:41)
at org.mozilla.focus.screenshots.ScreenshotTest$1.beforeActivityLaunched(ScreenshotTest.java:42)
at androidx.test.rule.ActivityTestRule.launchActivity(ActivityTestRule.java:355)
at androidx.test.rule.ActivityTestRule$ActivityStatement.evaluate(ActivityTestRule.java:529)
at org.junit.rules.TestWatcher$1.evaluate(TestWatcher.java:55)
at org.junit.rules.RunRules.evaluate(RunRules.java:20)
at org.junit.runners.ParentRunner.runLeaf(ParentRunner.java:325)
at org.junit.runners.BlockJUnit4ClassRunner.runChild(BlockJUnit4ClassRunner.java:78)
at org.junit.runners.BlockJUnit4ClassRunner.runChild(BlockJUnit4ClassRunner.java:57)
at org.junit.runners.ParentRunner$3.run(ParentRunner.java:290)
at org.junit.runners.ParentRunner$1.schedule(ParentRunner.java:71)
at org.junit.runners.ParentRunner.runChildren(ParentRunner.java:288)
at org.junit.runners.ParentRunner.access$000(ParentRunner.java:58)
at org.junit.runners.ParentRunner$2.evaluate(ParentRunner.java:268)
at tools.fastlane.screengrab.locale.LocaleTestRule$1.evaluate(LocaleTestRule.java:32)
at org.junit.rules.RunRules.evaluate(RunRules.java:20)
at org.junit.runners.ParentRunner.run(ParentRunner.java:363)
at androidx.test.runner.AndroidJUnit4.run(AndroidJUnit4.java:104)
at org.junit.runners.Suite.runChild(Suite.java:128)
at org.junit.runners.Suite.runChild(Suite.java:27)
at org.junit.runners.ParentRunner$3.run(ParentRunner.java:290)
at org.junit.runners.ParentRunner$1.schedule(ParentRunner.java:71)
at org.junit.runners.ParentRunner.runChildren(ParentRunner.java:288)
at org.junit.runners.ParentRunner.access$000(ParentRunner.java:58)
at org.junit.runners.ParentRunner$2.evaluate(ParentRunner.java:268)
at org.junit.runners.ParentRunner.run(ParentRunner.java:363)
at org.junit.runner.JUnitCore.run(JUnitCore.java:137)
at org.junit.runner.JUnitCore.run(JUnitCore.java:115)
at androidx.test.internal.runner.TestExecutor.execute(TestExecutor.java:56)
at androidx.test.runner.AndroidJUnitRunner.onStart(AndroidJUnitRunner.java:392)
at android.app.Instrumentation$InstrumentationThread.run(Unknown Source:47)
</skipped>
  </testcase>
  <testcase name="takeScreenshotOfMenu" classname="org.mozilla.focus.screenshots.HomeScreenScreenshots" time="0.027">
    <skipped>org.junit.AssumptionViolatedException: got: &lt;false&gt;, expected: is &lt;true&gt;
at org.junit.Assume.assumeThat(Assume.java:95)
at org.junit.Assume.assumeTrue(Assume.java:41)
at org.mozilla.focus.screenshots.ScreenshotTest$1.beforeActivityLaunched(ScreenshotTest.java:42)
at androidx.test.rule.ActivityTestRule.launchActivity(ActivityTestRule.java:355)
at androidx.test.rule.ActivityTestRule$ActivityStatement.evaluate(ActivityTestRule.java:529)
at org.junit.rules.TestWatcher$1.evaluate(TestWatcher.java:55)
at org.junit.rules.RunRules.evaluate(RunRules.java:20)
at org.junit.runners.ParentRunner.runLeaf(ParentRunner.java:325)
at org.junit.runners.BlockJUnit4ClassRunner.runChild(BlockJUnit4ClassRunner.java:78)
at org.junit.runners.BlockJUnit4ClassRunner.runChild(BlockJUnit4ClassRunner.java:57)
at org.junit.runners.ParentRunner$3.run(ParentRunner.java:290)
at org.junit.runners.ParentRunner$1.schedule(ParentRunner.java:71)
at org.junit.runners.ParentRunner.runChildren(ParentRunner.java:288)
at org.junit.runners.ParentRunner.access$000(ParentRunner.java:58)
at org.junit.runners.ParentRunner$2.evaluate(ParentRunner.java:268)
at tools.fastlane.screengrab.locale.LocaleTestRule$1.evaluate(LocaleTestRule.java:32)
at org.junit.rules.RunRules.evaluate(RunRules.java:20)
at org.junit.runners.ParentRunner.run(ParentRunner.java:363)
at androidx.test.runner.AndroidJUnit4.run(AndroidJUnit4.java:104)
at org.junit.runners.Suite.runChild(Suite.java:128)
at org.junit.runners.Suite.runChild(Suite.java:27)
at org.junit.runners.ParentRunner$3.run(ParentRunner.java:290)
at org.junit.runners.ParentRunner$1.schedule(ParentRunner.java:71)
at org.junit.runners.ParentRunner.runChildren(ParentRunner.java:288)
at org.junit.runners.ParentRunner.access$000(ParentRunner.java:58)
at org.junit.runners.ParentRunner$2.evaluate(ParentRunner.java:268)
at org.junit.runners.ParentRunner.run(ParentRunner.java:363)
at org.junit.runner.JUnitCore.run(JUnitCore.java:137)
at org.junit.runner.JUnitCore.run(JUnitCore.java:115)
at androidx.test.internal.runner.TestExecutor.execute(TestExecutor.java:56)
at androidx.test.runner.AndroidJUnitRunner.onStart(AndroidJUnitRunner.java:392)
at android.app.Instrumentation$InstrumentationThread.run(Unknown Source:47)
</skipped>
  </testcase>
  <testcase name="takeScreenshotOfTips" classname="org.mozilla.focus.screenshots.HomeScreenScreenshots" time="0.001">
    <skipped>org.junit.AssumptionViolatedException: got: &lt;false&gt;, expected: is &lt;true&gt;
at org.junit.Assume.assumeThat(Assume.java:95)
at org.junit.Assume.assumeTrue(Assume.java:41)
at org.mozilla.focus.screenshots.ScreenshotTest$1.beforeActivityLaunched(ScreenshotTest.java:42)
at androidx.test.rule.ActivityTestRule.launchActivity(ActivityTestRule.java:355)
at androidx.test.rule.ActivityTestRule$ActivityStatement.evaluate(ActivityTestRule.java:529)
at org.junit.rules.TestWatcher$1.evaluate(TestWatcher.java:55)
at org.junit.rules.RunRules.evaluate(RunRules.java:20)
at org.junit.runners.ParentRunner.runLeaf(ParentRunner.java:325)
at org.junit.runners.BlockJUnit4ClassRunner.runChild(BlockJUnit4ClassRunner.java:78)
at org.junit.runners.BlockJUnit4ClassRunner.runChild(BlockJUnit4ClassRunner.java:57)
at org.junit.runners.ParentRunner$3.run(ParentRunner.java:290)
at org.junit.runners.ParentRunner$1.schedule(ParentRunner.java:71)
at org.junit.runners.ParentRunner.runChildren(ParentRunner.java:288)
at org.junit.runners.ParentRunner.access$000(ParentRunner.java:58)
at org.junit.runners.ParentRunner$2.evaluate(ParentRunner.java:268)
at tools.fastlane.screengrab.locale.LocaleTestRule$1.evaluate(LocaleTestRule.java:32)
at org.junit.rules.RunRules.evaluate(RunRules.java:20)
at org.junit.runners.ParentRunner.run(ParentRunner.java:363)
at androidx.test.runner.AndroidJUnit4.run(AndroidJUnit4.java:104)
at org.junit.runners.Suite.runChild(Suite.java:128)
at org.junit.runners.Suite.runChild(Suite.java:27)
at org.junit.runners.ParentRunner$3.run(ParentRunner.java:290)
at org.junit.runners.ParentRunner$1.schedule(ParentRunner.java:71)
at org.junit.runners.ParentRunner.runChildren(ParentRunner.java:288)
at org.junit.runners.ParentRunner.access$000(ParentRunner.java:58)
at org.junit.runners.ParentRunner$2.evaluate(ParentRunner.java:268)
at org.junit.runners.ParentRunner.run(ParentRunner.java:363)
at org.junit.runner.JUnitCore.run(JUnitCore.java:137)
at org.junit.runner.JUnitCore.run(JUnitCore.java:115)
at androidx.test.internal.runner.TestExecutor.execute(TestExecutor.java:56)
at androidx.test.runner.AndroidJUnitRunner.onStart(AndroidJUnitRunner.java:392)
at android.app.Instrumentation$InstrumentationThread.run(Unknown Source:47)
</skipped>
  </testcase>
  <testcase name="takeScreenshotOfNotification" classname="org.mozilla.focus.screenshots.NotificationScreenshots" time="0.001">
    <skipped>org.junit.AssumptionViolatedException: got: &lt;false&gt;, expected: is &lt;true&gt;
at org.junit.Assume.assumeThat(Assume.java:95)
at org.junit.Assume.assumeTrue(Assume.java:41)
at org.mozilla.focus.screenshots.ScreenshotTest$1.beforeActivityLaunched(ScreenshotTest.java:42)
at androidx.test.rule.ActivityTestRule.launchActivity(ActivityTestRule.java:355)
at androidx.test.rule.ActivityTestRule$ActivityStatement.evaluate(ActivityTestRule.java:529)
at org.junit.rules.TestWatcher$1.evaluate(TestWatcher.java:55)
at org.junit.rules.RunRules.evaluate(RunRules.java:20)
at org.junit.runners.ParentRunner.runLeaf(ParentRunner.java:325)
at org.junit.runners.BlockJUnit4ClassRunner.runChild(BlockJUnit4ClassRunner.java:78)
at org.junit.runners.BlockJUnit4ClassRunner.runChild(BlockJUnit4ClassRunner.java:57)
at org.junit.runners.ParentRunner$3.run(ParentRunner.java:290)
at org.junit.runners.ParentRunner$1.schedule(ParentRunner.java:71)
at org.junit.runners.ParentRunner.runChildren(ParentRunner.java:288)
at org.junit.runners.ParentRunner.access$000(ParentRunner.java:58)
at org.junit.runners.ParentRunner$2.evaluate(ParentRunner.java:268)
at tools.fastlane.screengrab.locale.LocaleTestRule$1.evaluate(LocaleTestRule.java:32)
at org.junit.rules.RunRules.evaluate(RunRules.java:20)
at org.junit.runners.ParentRunner.run(ParentRunner.java:363)
at androidx.test.runner.AndroidJUnit4.run(AndroidJUnit4.java:104)
at org.junit.runners.Suite.runChild(Suite.java:128)
at org.junit.runners.Suite.runChild(Suite.java:27)
at org.junit.runners.ParentRunner$3.run(ParentRunner.java:290)
at org.junit.runners.ParentRunner$1.schedule(ParentRunner.java:71)
at org.junit.runners.ParentRunner.runChildren(ParentRunner.java:288)
at org.junit.runners.ParentRunner.access$000(ParentRunner.java:58)
at org.junit.runners.ParentRunner$2.evaluate(ParentRunner.java:268)
at org.junit.runners.ParentRunner.run(ParentRunner.java:363)
at org.junit.runner.JUnitCore.run(JUnitCore.java:137)
at org.junit.runner.JUnitCore.run(JUnitCore.java:115)
at androidx.test.internal.runner.TestExecutor.execute(TestExecutor.java:56)
at androidx.test.runner.AndroidJUnitRunner.onStart(AndroidJUnitRunner.java:392)
at android.app.Instrumentation$InstrumentationThread.run(Unknown Source:47)
</skipped>
  </testcase>
  <testcase name="takeScreenShotsOfSettings" classname="org.mozilla.focus.screenshots.SettingsScreenshots" time="0.001">
    <skipped>org.junit.AssumptionViolatedException: got: &lt;false&gt;, expected: is &lt;true&gt;
at org.junit.Assume.assumeThat(Assume.java:95)
at org.junit.Assume.assumeTrue(Assume.java:41)
at org.mozilla.focus.screenshots.ScreenshotTest$1.beforeActivityLaunched(ScreenshotTest.java:42)
at androidx.test.rule.ActivityTestRule.launchActivity(ActivityTestRule.java:355)
at androidx.test.rule.ActivityTestRule$ActivityStatement.evaluate(ActivityTestRule.java:529)
at org.junit.rules.TestWatcher$1.evaluate(TestWatcher.java:55)
at org.junit.rules.RunRules.evaluate(RunRules.java:20)
at org.junit.runners.ParentRunner.runLeaf(ParentRunner.java:325)
at org.junit.runners.BlockJUnit4ClassRunner.runChild(BlockJUnit4ClassRunner.java:78)
at org.junit.runners.BlockJUnit4ClassRunner.runChild(BlockJUnit4ClassRunner.java:57)
at org.junit.runners.ParentRunner$3.run(ParentRunner.java:290)
at org.junit.runners.ParentRunner$1.schedule(ParentRunner.java:71)
at org.junit.runners.ParentRunner.runChildren(ParentRunner.java:288)
at org.junit.runners.ParentRunner.access$000(ParentRunner.java:58)
at org.junit.runners.ParentRunner$2.evaluate(ParentRunner.java:268)
at tools.fastlane.screengrab.locale.LocaleTestRule$1.evaluate(LocaleTestRule.java:32)
at org.junit.rules.RunRules.evaluate(RunRules.java:20)
at org.junit.runners.ParentRunner.run(ParentRunner.java:363)
at androidx.test.runner.AndroidJUnit4.run(AndroidJUnit4.java:104)
at org.junit.runners.Suite.runChild(Suite.java:128)
at org.junit.runners.Suite.runChild(Suite.java:27)
at org.junit.runners.ParentRunner$3.run(ParentRunner.java:290)
at org.junit.runners.ParentRunner$1.schedule(ParentRunner.java:71)
at org.junit.runners.ParentRunner.runChildren(ParentRunner.java:288)
at org.junit.runners.ParentRunner.access$000(ParentRunner.java:58)
at org.junit.runners.ParentRunner$2.evaluate(ParentRunner.java:268)
at org.junit.runners.ParentRunner.run(ParentRunner.java:363)
at org.junit.runner.JUnitCore.run(JUnitCore.java:137)
at org.junit.runner.JUnitCore.run(JUnitCore.java:115)
at androidx.test.internal.runner.TestExecutor.execute(TestExecutor.java:56)
at androidx.test.runner.AndroidJUnitRunner.onStart(AndroidJUnitRunner.java:392)
at android.app.Instrumentation$InstrumentationThread.run(Unknown Source:47)
</skipped>
  </testcase>
</testsuite>